{"C:\\Users\\Josue\\Downloads\\Datil\\t3-market\\web\\src\\App.jsx": {"path":"C:\\Users\\Josue\\Downloads\\Datil\\t3-market\\web\\src\\App.jsx","statementMap":{"0":{"start":{"line":7,"column":15},"end":{"line":7,"column":30}},"1":{"start":{"line":9,"column":1},"end":{"line":13,"column":3}}},"fnMap":{"0":{"name":"App","decl":{"start":{"line":6,"column":9},"end":{"line":6,"column":12}},"loc":{"start":{"line":6,"column":15},"end":{"line":14,"column":1}},"line":6}},"branchMap":{},"s":{"0":0,"1":0},"f":{"0":0},"b":{}}
,"C:\\Users\\Josue\\Downloads\\Datil\\t3-market\\web\\src\\index.js": {"path":"C:\\Users\\Josue\\Downloads\\Datil\\t3-market\\web\\src\\index.js","statementMap":{"0":{"start":{"line":7,"column":0},"end":{"line":12,"column":2}}},"fnMap":{},"branchMap":{},"s":{"0":0},"f":{},"b":{}}
,"C:\\Users\\Josue\\Downloads\\Datil\\t3-market\\web\\src\\components\\Body.jsx": {"path":"C:\\Users\\Josue\\Downloads\\Datil\\t3-market\\web\\src\\components\\Body.jsx","statementMap":{"0":{"start":{"line":8,"column":13},"end":{"line":24,"column":1}},"1":{"start":{"line":9,"column":1},"end":{"line":23,"column":3}}},"fnMap":{"0":{"name":"(anonymous_0)","decl":{"start":{"line":8,"column":13},"end":{"line":8,"column":14}},"loc":{"start":{"line":8,"column":19},"end":{"line":24,"column":1}},"line":8}},"branchMap":{},"s":{"0":0,"1":0},"f":{"0":0},"b":{}}
,"C:\\Users\\Josue\\Downloads\\Datil\\t3-market\\web\\src\\components\\catalogue\\Catalogue.jsx": {"path":"C:\\Users\\Josue\\Downloads\\Datil\\t3-market\\web\\src\\components\\catalogue\\Catalogue.jsx","statementMap":{"0":{"start":{"line":7,"column":18},"end":{"line":43,"column":1}},"1":{"start":{"line":8,"column":53},"end":{"line":8,"column":67}},"2":{"start":{"line":9,"column":20},"end":{"line":10,"column":79}},"3":{"start":{"line":10,"column":2},"end":{"line":10,"column":79}},"4":{"start":{"line":12,"column":1},"end":{"line":42,"column":3}},"5":{"start":{"line":21,"column":22},"end":{"line":21,"column":49}},"6":{"start":{"line":29,"column":22},"end":{"line":29,"column":50}}},"fnMap":{"0":{"name":"(anonymous_0)","decl":{"start":{"line":7,"column":18},"end":{"line":7,"column":19}},"loc":{"start":{"line":7,"column":24},"end":{"line":43,"column":1}},"line":7},"1":{"name":"(anonymous_1)","decl":{"start":{"line":9,"column":20},"end":{"line":9,"column":21}},"loc":{"start":{"line":10,"column":2},"end":{"line":10,"column":79}},"line":10},"2":{"name":"(anonymous_2)","decl":{"start":{"line":21,"column":16},"end":{"line":21,"column":17}},"loc":{"start":{"line":21,"column":22},"end":{"line":21,"column":49}},"line":21},"3":{"name":"(anonymous_3)","decl":{"start":{"line":29,"column":16},"end":{"line":29,"column":17}},"loc":{"start":{"line":29,"column":22},"end":{"line":29,"column":50}},"line":29}},"branchMap":{"0":{"loc":{"start":{"line":10,"column":32},"end":{"line":10,"column":78}},"type":"cond-expr","locations":[{"start":{"line":10,"column":43},"end":{"line":10,"column":59}},{"start":{"line":10,"column":62},"end":{"line":10,"column":78}}],"line":10},"1":{"loc":{"start":{"line":39,"column":14},"end":{"line":39,"column":75}},"type":"cond-expr","locations":[{"start":{"line":39,"column":35},"end":{"line":39,"column":53}},{"start":{"line":39,"column":56},"end":{"line":39,"column":75}}],"line":39}},"s":{"0":2,"1":0,"2":0,"3":0,"4":0,"5":0,"6":0},"f":{"0":0,"1":0,"2":0,"3":0},"b":{"0":[0,0],"1":[0,0]},"_coverageSchema":"1a1c01bbd47fc00a2c39e90264f33305004495a9","hash":"52a9ce2c47e846da5b592ea31d4c953b8ac44855"}
,"C:\\Users\\Josue\\Downloads\\Datil\\t3-market\\web\\src\\components\\catalogue\\OverOptions.jsx": {"path":"C:\\Users\\Josue\\Downloads\\Datil\\t3-market\\web\\src\\components\\catalogue\\OverOptions.jsx","statementMap":{"0":{"start":{"line":6,"column":20},"end":{"line":27,"column":1}},"1":{"start":{"line":7,"column":24},"end":{"line":7,"column":44}},"2":{"start":{"line":9,"column":1},"end":{"line":26,"column":3}}},"fnMap":{"0":{"name":"(anonymous_0)","decl":{"start":{"line":6,"column":20},"end":{"line":6,"column":21}},"loc":{"start":{"line":6,"column":31},"end":{"line":27,"column":1}},"line":6}},"branchMap":{},"s":{"0":2,"1":0,"2":0},"f":{"0":0},"b":{},"_coverageSchema":"1a1c01bbd47fc00a2c39e90264f33305004495a9","hash":"9a27c236bda1a306c3812e1905e2af28849af425"}
,"C:\\Users\\Josue\\Downloads\\Datil\\t3-market\\web\\src\\components\\catalogue\\categories\\Category.jsx": {"path":"C:\\Users\\Josue\\Downloads\\Datil\\t3-market\\web\\src\\components\\catalogue\\categories\\Category.jsx","statementMap":{"0":{"start":{"line":4,"column":17},"end":{"line":12,"column":1}},"1":{"start":{"line":5,"column":1},"end":{"line":11,"column":3}}},"fnMap":{"0":{"name":"(anonymous_0)","decl":{"start":{"line":4,"column":17},"end":{"line":4,"column":18}},"loc":{"start":{"line":4,"column":35},"end":{"line":12,"column":1}},"line":4}},"branchMap":{},"s":{"0":2,"1":0},"f":{"0":0},"b":{},"_coverageSchema":"1a1c01bbd47fc00a2c39e90264f33305004495a9","hash":"3b5c51df039fdaeafc1f1fe3d6fd63fee7e1f36e"}
,"C:\\Users\\Josue\\Downloads\\Datil\\t3-market\\web\\src\\components\\catalogue\\categories\\CategorySection.jsx": {"path":"C:\\Users\\Josue\\Downloads\\Datil\\t3-market\\web\\src\\components\\catalogue\\categories\\CategorySection.jsx","statementMap":{"0":{"start":{"line":8,"column":23},"end":{"line":59,"column":1}},"1":{"start":{"line":9,"column":18},"end":{"line":9,"column":31}},"2":{"start":{"line":11,"column":1},"end":{"line":13,"column":16}},"3":{"start":{"line":12,"column":2},"end":{"line":12,"column":32}},"4":{"start":{"line":15,"column":24},"end":{"line":15,"column":70}},"5":{"start":{"line":15,"column":47},"end":{"line":15,"column":69}},"6":{"start":{"line":17,"column":1},"end":{"line":58,"column":3}},"7":{"start":{"line":53,"column":6},"end":{"line":53,"column":50}}},"fnMap":{"0":{"name":"(anonymous_0)","decl":{"start":{"line":8,"column":23},"end":{"line":8,"column":24}},"loc":{"start":{"line":8,"column":29},"end":{"line":59,"column":1}},"line":8},"1":{"name":"(anonymous_1)","decl":{"start":{"line":11,"column":11},"end":{"line":11,"column":12}},"loc":{"start":{"line":11,"column":17},"end":{"line":13,"column":2}},"line":11},"2":{"name":"(anonymous_2)","decl":{"start":{"line":15,"column":36},"end":{"line":15,"column":37}},"loc":{"start":{"line":15,"column":47},"end":{"line":15,"column":69}},"line":15},"3":{"name":"(anonymous_3)","decl":{"start":{"line":52,"column":25},"end":{"line":52,"column":26}},"loc":{"start":{"line":53,"column":6},"end":{"line":53,"column":50}},"line":53}},"branchMap":{},"s":{"0":2,"1":0,"2":0,"3":0,"4":0,"5":0,"6":0,"7":0},"f":{"0":0,"1":0,"2":0,"3":0},"b":{},"_coverageSchema":"1a1c01bbd47fc00a2c39e90264f33305004495a9","hash":"785e30b71ee8f0b0d92beecf3eb6cbdf71fef9e4"}
,"C:\\Users\\Josue\\Downloads\\Datil\\t3-market\\web\\src\\components\\catalogue\\products\\Product.jsx": {"path":"C:\\Users\\Josue\\Downloads\\Datil\\t3-market\\web\\src\\components\\catalogue\\products\\Product.jsx","statementMap":{"0":{"start":{"line":9,"column":16},"end":{"line":55,"column":1}},"1":{"start":{"line":10,"column":18},"end":{"line":10,"column":31}},"2":{"start":{"line":12,"column":20},"end":{"line":12,"column":72}},"3":{"start":{"line":13,"column":1},"end":{"line":13,"column":48}},"4":{"start":{"line":15,"column":14},"end":{"line":15,"column":16}},"5":{"start":{"line":16,"column":1},"end":{"line":18,"column":2}},"6":{"start":{"line":17,"column":2},"end":{"line":17,"column":38}},"7":{"start":{"line":20,"column":23},"end":{"line":22,"column":2}},"8":{"start":{"line":21,"column":2},"end":{"line":21,"column":45}},"9":{"start":{"line":24,"column":1},"end":{"line":54,"column":3}}},"fnMap":{"0":{"name":"(anonymous_0)","decl":{"start":{"line":9,"column":16},"end":{"line":9,"column":17}},"loc":{"start":{"line":9,"column":33},"end":{"line":55,"column":1}},"line":9},"1":{"name":"(anonymous_1)","decl":{"start":{"line":20,"column":23},"end":{"line":20,"column":24}},"loc":{"start":{"line":20,"column":29},"end":{"line":22,"column":2}},"line":20}},"branchMap":{"0":{"loc":{"start":{"line":16,"column":1},"end":{"line":18,"column":2}},"type":"if","locations":[{"start":{"line":16,"column":1},"end":{"line":18,"column":2}},{"start":{"line":16,"column":1},"end":{"line":18,"column":2}}],"line":16}},"s":{"0":2,"1":0,"2":0,"3":0,"4":0,"5":0,"6":0,"7":0,"8":0,"9":0},"f":{"0":0,"1":0},"b":{"0":[0,0]},"_coverageSchema":"1a1c01bbd47fc00a2c39e90264f33305004495a9","hash":"24587912e6f987f14ec7bd7a58eaa9d5ba9c86d2"}
,"C:\\Users\\Josue\\Downloads\\Datil\\t3-market\\web\\src\\components\\catalogue\\products\\ProductSection.jsx": {"path":"C:\\Users\\Josue\\Downloads\\Datil\\t3-market\\web\\src\\components\\catalogue\\products\\ProductSection.jsx","statementMap":{"0":{"start":{"line":9,"column":23},"end":{"line":96,"column":1}},"1":{"start":{"line":10,"column":55},"end":{"line":10,"column":70}},"2":{"start":{"line":11,"column":35},"end":{"line":11,"column":69}},"3":{"start":{"line":11,"column":41},"end":{"line":11,"column":69}},"4":{"start":{"line":12,"column":18},"end":{"line":12,"column":31}},"5":{"start":{"line":13,"column":45},"end":{"line":13,"column":57}},"6":{"start":{"line":14,"column":23},"end":{"line":14,"column":35}},"7":{"start":{"line":16,"column":1},"end":{"line":18,"column":16}},"8":{"start":{"line":17,"column":2},"end":{"line":17,"column":32}},"9":{"start":{"line":20,"column":22},"end":{"line":23,"column":2}},"10":{"start":{"line":21,"column":17},"end":{"line":21,"column":44}},"11":{"start":{"line":22,"column":2},"end":{"line":22,"column":42}},"12":{"start":{"line":25,"column":22},"end":{"line":25,"column":66}},"13":{"start":{"line":25,"column":45},"end":{"line":25,"column":65}},"14":{"start":{"line":26,"column":24},"end":{"line":29,"column":2}},"15":{"start":{"line":27,"column":8},"end":{"line":27,"column":93}},"16":{"start":{"line":27,"column":41},"end":{"line":27,"column":92}},"17":{"start":{"line":31,"column":1},"end":{"line":95,"column":3}},"18":{"start":{"line":90,"column":6},"end":{"line":90,"column":47}}},"fnMap":{"0":{"name":"(anonymous_0)","decl":{"start":{"line":9,"column":23},"end":{"line":9,"column":24}},"loc":{"start":{"line":9,"column":29},"end":{"line":96,"column":1}},"line":9},"1":{"name":"(anonymous_1)","decl":{"start":{"line":11,"column":35},"end":{"line":11,"column":36}},"loc":{"start":{"line":11,"column":41},"end":{"line":11,"column":69}},"line":11},"2":{"name":"(anonymous_2)","decl":{"start":{"line":16,"column":11},"end":{"line":16,"column":12}},"loc":{"start":{"line":16,"column":17},"end":{"line":18,"column":2}},"line":16},"3":{"name":"(anonymous_3)","decl":{"start":{"line":20,"column":22},"end":{"line":20,"column":23}},"loc":{"start":{"line":20,"column":28},"end":{"line":23,"column":2}},"line":20},"4":{"name":"(anonymous_4)","decl":{"start":{"line":25,"column":34},"end":{"line":25,"column":35}},"loc":{"start":{"line":25,"column":45},"end":{"line":25,"column":65}},"line":25},"5":{"name":"(anonymous_5)","decl":{"start":{"line":27,"column":2},"end":{"line":27,"column":3}},"loc":{"start":{"line":27,"column":8},"end":{"line":27,"column":93}},"line":27},"6":{"name":"(anonymous_6)","decl":{"start":{"line":27,"column":28},"end":{"line":27,"column":29}},"loc":{"start":{"line":27,"column":41},"end":{"line":27,"column":92}},"line":27},"7":{"name":"(anonymous_7)","decl":{"start":{"line":89,"column":25},"end":{"line":89,"column":26}},"loc":{"start":{"line":90,"column":6},"end":{"line":90,"column":47}},"line":90}},"branchMap":{},"s":{"0":2,"1":0,"2":0,"3":0,"4":0,"5":0,"6":0,"7":0,"8":0,"9":0,"10":0,"11":0,"12":0,"13":0,"14":0,"15":0,"16":0,"17":0,"18":0},"f":{"0":0,"1":0,"2":0,"3":0,"4":0,"5":0,"6":0,"7":0},"b":{},"_coverageSchema":"1a1c01bbd47fc00a2c39e90264f33305004495a9","hash":"4faafa61631fbd8b2b3fd17a0fe78b8cfb5fb462"}
,"C:\\Users\\Josue\\Downloads\\Datil\\t3-market\\web\\src\\components\\catalogue\\products\\newproduct\\ModalNewProduct.jsx": {"path":"C:\\Users\\Josue\\Downloads\\Datil\\t3-market\\web\\src\\components\\catalogue\\products\\newproduct\\ModalNewProduct.jsx","statementMap":{"0":{"start":{"line":5,"column":24},"end":{"line":31,"column":1}},"1":{"start":{"line":6,"column":21},"end":{"line":6,"column":47}},"2":{"start":{"line":6,"column":27},"end":{"line":6,"column":47}},"3":{"start":{"line":8,"column":1},"end":{"line":30,"column":3}}},"fnMap":{"0":{"name":"(anonymous_0)","decl":{"start":{"line":5,"column":24},"end":{"line":5,"column":25}},"loc":{"start":{"line":5,"column":35},"end":{"line":31,"column":1}},"line":5},"1":{"name":"(anonymous_1)","decl":{"start":{"line":6,"column":21},"end":{"line":6,"column":22}},"loc":{"start":{"line":6,"column":27},"end":{"line":6,"column":47}},"line":6}},"branchMap":{},"s":{"0":2,"1":0,"2":0,"3":0},"f":{"0":0,"1":0},"b":{},"_coverageSchema":"1a1c01bbd47fc00a2c39e90264f33305004495a9","hash":"dd010e27eb11e5773a2d6bca7ef05b328da2e442"}
,"C:\\Users\\Josue\\Downloads\\Datil\\t3-market\\web\\src\\components\\catalogue\\products\\newproduct\\NewProduct.jsx": {"path":"C:\\Users\\Josue\\Downloads\\Datil\\t3-market\\web\\src\\components\\catalogue\\products\\newproduct\\NewProduct.jsx","statementMap":{"0":{"start":{"line":14,"column":20},"end":{"line":96,"column":1}},"1":{"start":{"line":15,"column":1},"end":{"line":15,"column":20}},"2":{"start":{"line":16,"column":16},"end":{"line":16,"column":48}},"3":{"start":{"line":17,"column":18},"end":{"line":17,"column":31}},"4":{"start":{"line":19,"column":1},"end":{"line":21,"column":16}},"5":{"start":{"line":20,"column":2},"end":{"line":20,"column":32}},"6":{"start":{"line":23,"column":24},"end":{"line":23,"column":70}},"7":{"start":{"line":23,"column":47},"end":{"line":23,"column":69}},"8":{"start":{"line":25,"column":31},"end":{"line":44,"column":3}},"9":{"start":{"line":46,"column":23},"end":{"line":67,"column":2}},"10":{"start":{"line":48,"column":3},"end":{"line":51,"column":6}},"11":{"start":{"line":52,"column":3},"end":{"line":57,"column":4}},"12":{"start":{"line":53,"column":4},"end":{"line":56,"column":7}},"13":{"start":{"line":59,"column":3},"end":{"line":64,"column":4}},"14":{"start":{"line":60,"column":4},"end":{"line":63,"column":7}},"15":{"start":{"line":69,"column":26},"end":{"line":71,"column":2}},"16":{"start":{"line":70,"column":2},"end":{"line":70,"column":40}},"17":{"start":{"line":73,"column":1},"end":{"line":95,"column":3}}},"fnMap":{"0":{"name":"(anonymous_0)","decl":{"start":{"line":14,"column":20},"end":{"line":14,"column":21}},"loc":{"start":{"line":14,"column":26},"end":{"line":96,"column":1}},"line":14},"1":{"name":"(anonymous_1)","decl":{"start":{"line":19,"column":11},"end":{"line":19,"column":12}},"loc":{"start":{"line":19,"column":17},"end":{"line":21,"column":2}},"line":19},"2":{"name":"(anonymous_2)","decl":{"start":{"line":23,"column":36},"end":{"line":23,"column":37}},"loc":{"start":{"line":23,"column":47},"end":{"line":23,"column":69}},"line":23},"3":{"name":"(anonymous_3)","decl":{"start":{"line":47,"column":2},"end":{"line":47,"column":3}},"loc":{"start":{"line":47,"column":13},"end":{"line":65,"column":3}},"line":47},"4":{"name":"(anonymous_4)","decl":{"start":{"line":69,"column":26},"end":{"line":69,"column":27}},"loc":{"start":{"line":69,"column":32},"end":{"line":71,"column":2}},"line":69}},"branchMap":{"0":{"loc":{"start":{"line":52,"column":3},"end":{"line":57,"column":4}},"type":"if","locations":[{"start":{"line":52,"column":3},"end":{"line":57,"column":4}},{"start":{"line":52,"column":3},"end":{"line":57,"column":4}}],"line":52},"1":{"loc":{"start":{"line":59,"column":3},"end":{"line":64,"column":4}},"type":"if","locations":[{"start":{"line":59,"column":3},"end":{"line":64,"column":4}},{"start":{"line":59,"column":3},"end":{"line":64,"column":4}}],"line":59},"2":{"loc":{"start":{"line":59,"column":7},"end":{"line":59,"column":75}},"type":"binary-expr","locations":[{"start":{"line":59,"column":7},"end":{"line":59,"column":40}},{"start":{"line":59,"column":44},"end":{"line":59,"column":75}}],"line":59}},"s":{"0":2,"1":0,"2":0,"3":0,"4":0,"5":0,"6":0,"7":0,"8":0,"9":0,"10":0,"11":0,"12":0,"13":0,"14":0,"15":0,"16":0,"17":0},"f":{"0":0,"1":0,"2":0,"3":0,"4":0},"b":{"0":[0,0],"1":[0,0],"2":[0,0]},"_coverageSchema":"1a1c01bbd47fc00a2c39e90264f33305004495a9","hash":"16584cb4048ad22e135b4befec7eaa4eea52982e"}
,"C:\\Users\\Josue\\Downloads\\Datil\\t3-market\\web\\src\\components\\catalogue\\products\\newproduct\\NewProductosActions.js": {"path":"C:\\Users\\Josue\\Downloads\\Datil\\t3-market\\web\\src\\components\\catalogue\\products\\newproduct\\NewProductosActions.js","statementMap":{"0":{"start":{"line":4,"column":32},"end":{"line":81,"column":1}},"1":{"start":{"line":5,"column":1},"end":{"line":80,"column":4}},"2":{"start":{"line":9,"column":2},"end":{"line":39,"column":5}},"3":{"start":{"line":12,"column":3},"end":{"line":38,"column":4}},"4":{"start":{"line":13,"column":4},"end":{"line":13,"column":34}},"5":{"start":{"line":14,"column":4},"end":{"line":14,"column":38}},"6":{"start":{"line":17,"column":4},"end":{"line":17,"column":77}},"7":{"start":{"line":20,"column":4},"end":{"line":20,"column":19}},"8":{"start":{"line":22,"column":4},"end":{"line":37,"column":6}},"9":{"start":{"line":27,"column":7},"end":{"line":27,"column":25}},"10":{"start":{"line":29,"column":7},"end":{"line":32,"column":10}},"11":{"start":{"line":33,"column":7},"end":{"line":33,"column":41}},"12":{"start":{"line":41,"column":2},"end":{"line":68,"column":5}},"13":{"start":{"line":42,"column":3},"end":{"line":42,"column":33}},"14":{"start":{"line":43,"column":3},"end":{"line":43,"column":41}},"15":{"start":{"line":46,"column":3},"end":{"line":46,"column":82}},"16":{"start":{"line":49,"column":3},"end":{"line":49,"column":22}},"17":{"start":{"line":52,"column":3},"end":{"line":67,"column":5}},"18":{"start":{"line":57,"column":6},"end":{"line":57,"column":24}},"19":{"start":{"line":59,"column":6},"end":{"line":62,"column":9}},"20":{"start":{"line":63,"column":6},"end":{"line":63,"column":44}},"21":{"start":{"line":70,"column":2},"end":{"line":73,"column":5}},"22":{"start":{"line":71,"column":3},"end":{"line":71,"column":59}},"23":{"start":{"line":72,"column":3},"end":{"line":72,"column":32}},"24":{"start":{"line":75,"column":2},"end":{"line":79,"column":5}},"25":{"start":{"line":76,"column":3},"end":{"line":76,"column":28}},"26":{"start":{"line":78,"column":3},"end":{"line":78,"column":16}}},"fnMap":{"0":{"name":"(anonymous_0)","decl":{"start":{"line":4,"column":32},"end":{"line":4,"column":33}},"loc":{"start":{"line":4,"column":38},"end":{"line":81,"column":1}},"line":4},"1":{"name":"(anonymous_1)","decl":{"start":{"line":5,"column":19},"end":{"line":5,"column":20}},"loc":{"start":{"line":5,"column":31},"end":{"line":80,"column":2}},"line":5},"2":{"name":"(anonymous_2)","decl":{"start":{"line":9,"column":19},"end":{"line":9,"column":20}},"loc":{"start":{"line":9,"column":31},"end":{"line":39,"column":3}},"line":9},"3":{"name":"(anonymous_3)","decl":{"start":{"line":25,"column":12},"end":{"line":25,"column":13}},"loc":{"start":{"line":25,"column":27},"end":{"line":34,"column":7}},"line":25},"4":{"name":"(anonymous_4)","decl":{"start":{"line":41,"column":23},"end":{"line":41,"column":24}},"loc":{"start":{"line":41,"column":35},"end":{"line":68,"column":3}},"line":41},"5":{"name":"(anonymous_5)","decl":{"start":{"line":55,"column":11},"end":{"line":55,"column":12}},"loc":{"start":{"line":55,"column":26},"end":{"line":64,"column":6}},"line":55},"6":{"name":"(anonymous_6)","decl":{"start":{"line":70,"column":33},"end":{"line":70,"column":34}},"loc":{"start":{"line":70,"column":45},"end":{"line":73,"column":3}},"line":70},"7":{"name":"(anonymous_7)","decl":{"start":{"line":75,"column":21},"end":{"line":75,"column":22}},"loc":{"start":{"line":75,"column":33},"end":{"line":79,"column":3}},"line":75}},"branchMap":{"0":{"loc":{"start":{"line":12,"column":3},"end":{"line":38,"column":4}},"type":"if","locations":[{"start":{"line":12,"column":3},"end":{"line":38,"column":4}},{"start":{"line":12,"column":3},"end":{"line":38,"column":4}}],"line":12}},"s":{"0":2,"1":0,"2":0,"3":0,"4":0,"5":0,"6":0,"7":0,"8":0,"9":0,"10":0,"11":0,"12":0,"13":0,"14":0,"15":0,"16":0,"17":0,"18":0,"19":0,"20":0,"21":0,"22":0,"23":0,"24":0,"25":0,"26":0},"f":{"0":0,"1":0,"2":0,"3":0,"4":0,"5":0,"6":0,"7":0},"b":{"0":[0,0]},"_coverageSchema":"1a1c01bbd47fc00a2c39e90264f33305004495a9","hash":"949624882044adddd8ea90fa7955f6e23398e7db"}
,"C:\\Users\\Josue\\Downloads\\Datil\\t3-market\\web\\src\\components\\catalogue\\products\\newproduct\\steps\\Step1.jsx": {"path":"C:\\Users\\Josue\\Downloads\\Datil\\t3-market\\web\\src\\components\\catalogue\\products\\newproduct\\steps\\Step1.jsx","statementMap":{"0":{"start":{"line":6,"column":14},"end":{"line":122,"column":1}},"1":{"start":{"line":7,"column":23},"end":{"line":7,"column":42}},"2":{"start":{"line":8,"column":18},"end":{"line":8,"column":31}},"3":{"start":{"line":10,"column":1},"end":{"line":12,"column":16}},"4":{"start":{"line":11,"column":2},"end":{"line":11,"column":32}},"5":{"start":{"line":14,"column":24},"end":{"line":14,"column":70}},"6":{"start":{"line":14,"column":47},"end":{"line":14,"column":69}},"7":{"start":{"line":16,"column":1},"end":{"line":121,"column":3}},"8":{"start":{"line":52,"column":8},"end":{"line":54,"column":17}}},"fnMap":{"0":{"name":"(anonymous_0)","decl":{"start":{"line":6,"column":14},"end":{"line":6,"column":15}},"loc":{"start":{"line":6,"column":25},"end":{"line":122,"column":1}},"line":6},"1":{"name":"(anonymous_1)","decl":{"start":{"line":10,"column":11},"end":{"line":10,"column":12}},"loc":{"start":{"line":10,"column":17},"end":{"line":12,"column":2}},"line":10},"2":{"name":"(anonymous_2)","decl":{"start":{"line":14,"column":36},"end":{"line":14,"column":37}},"loc":{"start":{"line":14,"column":47},"end":{"line":14,"column":69}},"line":14},"3":{"name":"(anonymous_3)","decl":{"start":{"line":51,"column":27},"end":{"line":51,"column":28}},"loc":{"start":{"line":52,"column":8},"end":{"line":54,"column":17}},"line":52}},"branchMap":{},"s":{"0":2,"1":0,"2":0,"3":0,"4":0,"5":0,"6":0,"7":0,"8":0},"f":{"0":0,"1":0,"2":0,"3":0},"b":{},"_coverageSchema":"1a1c01bbd47fc00a2c39e90264f33305004495a9","hash":"e0d1d6a0520772713743b66f045b37c0a1b2440b"}
,"C:\\Users\\Josue\\Downloads\\Datil\\t3-market\\web\\src\\components\\catalogue\\products\\newproduct\\steps\\Step2.jsx": {"path":"C:\\Users\\Josue\\Downloads\\Datil\\t3-market\\web\\src\\components\\catalogue\\products\\newproduct\\steps\\Step2.jsx","statementMap":{"0":{"start":{"line":5,"column":14},"end":{"line":108,"column":1}},"1":{"start":{"line":6,"column":23},"end":{"line":6,"column":42}},"2":{"start":{"line":8,"column":1},"end":{"line":107,"column":3}}},"fnMap":{"0":{"name":"(anonymous_0)","decl":{"start":{"line":5,"column":14},"end":{"line":5,"column":15}},"loc":{"start":{"line":5,"column":25},"end":{"line":108,"column":1}},"line":5}},"branchMap":{},"s":{"0":2,"1":0,"2":0},"f":{"0":0},"b":{},"_coverageSchema":"1a1c01bbd47fc00a2c39e90264f33305004495a9","hash":"dd347fae345ca7148cddc92605647efb3c247b3f"}
,"C:\\Users\\Josue\\Downloads\\Datil\\t3-market\\web\\src\\components\\catalogue\\products\\newproduct\\steps\\Step3.jsx": {"path":"C:\\Users\\Josue\\Downloads\\Datil\\t3-market\\web\\src\\components\\catalogue\\products\\newproduct\\steps\\Step3.jsx","statementMap":{"0":{"start":{"line":4,"column":14},"end":{"line":27,"column":1}},"1":{"start":{"line":7,"column":1},"end":{"line":26,"column":3}}},"fnMap":{"0":{"name":"(anonymous_0)","decl":{"start":{"line":4,"column":14},"end":{"line":4,"column":15}},"loc":{"start":{"line":4,"column":25},"end":{"line":27,"column":1}},"line":4}},"branchMap":{},"s":{"0":2,"1":0},"f":{"0":0},"b":{},"_coverageSchema":"1a1c01bbd47fc00a2c39e90264f33305004495a9","hash":"78a45a499df85aafafbee40d2b80c0c96d61fe4e"}
,"C:\\Users\\Josue\\Downloads\\Datil\\t3-market\\web\\src\\components\\catalogue\\products\\newproduct\\steps\\Step4.jsx": {"path":"C:\\Users\\Josue\\Downloads\\Datil\\t3-market\\web\\src\\components\\catalogue\\products\\newproduct\\steps\\Step4.jsx","statementMap":{"0":{"start":{"line":4,"column":14},"end":{"line":35,"column":1}},"1":{"start":{"line":5,"column":1},"end":{"line":34,"column":3}}},"fnMap":{"0":{"name":"(anonymous_0)","decl":{"start":{"line":4,"column":14},"end":{"line":4,"column":15}},"loc":{"start":{"line":4,"column":20},"end":{"line":35,"column":1}},"line":4}},"branchMap":{},"s":{"0":2,"1":0},"f":{"0":0},"b":{},"_coverageSchema":"1a1c01bbd47fc00a2c39e90264f33305004495a9","hash":"28fef61bb0c136a6a40ad94f98600a2934239381"}
,"C:\\Users\\Josue\\Downloads\\Datil\\t3-market\\web\\src\\components\\common\\sidebar\\SideBar.jsx": {"path":"C:\\Users\\Josue\\Downloads\\Datil\\t3-market\\web\\src\\components\\common\\sidebar\\SideBar.jsx","statementMap":{"0":{"start":{"line":14,"column":16},"end":{"line":76,"column":1}},"1":{"start":{"line":15,"column":1},"end":{"line":17,"column":2}},"2":{"start":{"line":16,"column":2},"end":{"line":16,"column":30}},"3":{"start":{"line":19,"column":1},"end":{"line":75,"column":3}},"4":{"start":{"line":23,"column":5},"end":{"line":71,"column":22}},"5":{"start":{"line":27,"column":19},"end":{"line":27,"column":33}},"6":{"start":{"line":28,"column":8},"end":{"line":30,"column":9}},"7":{"start":{"line":29,"column":9},"end":{"line":29,"column":26}},"8":{"start":{"line":56,"column":50},"end":{"line":56,"column":66}},"9":{"start":{"line":66,"column":51},"end":{"line":66,"column":60}},"10":{"start":{"line":67,"column":52},"end":{"line":67,"column":62}},"11":{"start":{"line":68,"column":55},"end":{"line":68,"column":68}}},"fnMap":{"0":{"name":"(anonymous_0)","decl":{"start":{"line":14,"column":16},"end":{"line":14,"column":17}},"loc":{"start":{"line":14,"column":22},"end":{"line":76,"column":1}},"line":14},"1":{"name":"(anonymous_1)","decl":{"start":{"line":22,"column":12},"end":{"line":22,"column":13}},"loc":{"start":{"line":23,"column":5},"end":{"line":71,"column":22}},"line":23},"2":{"name":"(anonymous_2)","decl":{"start":{"line":26,"column":17},"end":{"line":26,"column":18}},"loc":{"start":{"line":26,"column":31},"end":{"line":31,"column":8}},"line":26},"3":{"name":"(anonymous_3)","decl":{"start":{"line":56,"column":44},"end":{"line":56,"column":45}},"loc":{"start":{"line":56,"column":50},"end":{"line":56,"column":66}},"line":56},"4":{"name":"(anonymous_4)","decl":{"start":{"line":66,"column":40},"end":{"line":66,"column":41}},"loc":{"start":{"line":66,"column":51},"end":{"line":66,"column":60}},"line":66},"5":{"name":"(anonymous_5)","decl":{"start":{"line":67,"column":41},"end":{"line":67,"column":42}},"loc":{"start":{"line":67,"column":52},"end":{"line":67,"column":62}},"line":67},"6":{"name":"(anonymous_6)","decl":{"start":{"line":68,"column":44},"end":{"line":68,"column":45}},"loc":{"start":{"line":68,"column":55},"end":{"line":68,"column":68}},"line":68}},"branchMap":{"0":{"loc":{"start":{"line":15,"column":1},"end":{"line":17,"column":2}},"type":"if","locations":[{"start":{"line":15,"column":1},"end":{"line":17,"column":2}},{"start":{"line":15,"column":1},"end":{"line":17,"column":2}}],"line":15},"1":{"loc":{"start":{"line":28,"column":8},"end":{"line":30,"column":9}},"type":"if","locations":[{"start":{"line":28,"column":8},"end":{"line":30,"column":9}},{"start":{"line":28,"column":8},"end":{"line":30,"column":9}}],"line":28}},"s":{"0":1,"1":5,"2":5,"3":5,"4":5,"5":0,"6":0,"7":0,"8":0,"9":0,"10":0,"11":0},"f":{"0":5,"1":5,"2":0,"3":0,"4":0,"5":0,"6":0},"b":{"0":[5,0],"1":[0,0]},"_coverageSchema":"1a1c01bbd47fc00a2c39e90264f33305004495a9","hash":"53e9b801ef6995d4e16b90cb4eda34cf43fb10cf"}
,"C:\\Users\\Josue\\Downloads\\Datil\\t3-market\\web\\src\\components\\common\\toggle\\ToggleButton.jsx": {"path":"C:\\Users\\Josue\\Downloads\\Datil\\t3-market\\web\\src\\components\\common\\toggle\\ToggleButton.jsx","statementMap":{"0":{"start":{"line":4,"column":21},"end":{"line":21,"column":1}},"1":{"start":{"line":5,"column":31},"end":{"line":5,"column":47}},"2":{"start":{"line":6,"column":18},"end":{"line":6,"column":65}},"3":{"start":{"line":6,"column":33},"end":{"line":6,"column":64}},"4":{"start":{"line":8,"column":1},"end":{"line":20,"column":3}},"5":{"start":{"line":13,"column":19},"end":{"line":13,"column":39}}},"fnMap":{"0":{"name":"(anonymous_0)","decl":{"start":{"line":4,"column":21},"end":{"line":4,"column":22}},"loc":{"start":{"line":4,"column":60},"end":{"line":21,"column":1}},"line":4},"1":{"name":"(anonymous_1)","decl":{"start":{"line":6,"column":18},"end":{"line":6,"column":19}},"loc":{"start":{"line":6,"column":33},"end":{"line":6,"column":64}},"line":6},"2":{"name":"(anonymous_2)","decl":{"start":{"line":13,"column":13},"end":{"line":13,"column":14}},"loc":{"start":{"line":13,"column":19},"end":{"line":13,"column":39}},"line":13}},"branchMap":{"0":{"loc":{"start":{"line":4,"column":24},"end":{"line":4,"column":37}},"type":"default-arg","locations":[{"start":{"line":4,"column":33},"end":{"line":4,"column":37}}],"line":4},"1":{"loc":{"start":{"line":6,"column":33},"end":{"line":6,"column":64}},"type":"cond-expr","locations":[{"start":{"line":6,"column":44},"end":{"line":6,"column":59}},{"start":{"line":6,"column":62},"end":{"line":6,"column":64}}],"line":6}},"s":{"0":2,"1":0,"2":0,"3":0,"4":0,"5":0},"f":{"0":0,"1":0,"2":0},"b":{"0":[0],"1":[0,0]},"_coverageSchema":"1a1c01bbd47fc00a2c39e90264f33305004495a9","hash":"6cf53e6b738dc8666cdcc638a3f74808393ed601"}
,"C:\\Users\\Josue\\Downloads\\Datil\\t3-market\\web\\src\\components\\ecommerce\\shop\\App.jsx": {"path":"C:\\Users\\Josue\\Downloads\\Datil\\t3-market\\web\\src\\components\\ecommerce\\shop\\App.jsx","statementMap":{"0":{"start":{"line":12,"column":17},"end":{"line":12,"column":51}},"1":{"start":{"line":12,"column":28},"end":{"line":12,"column":50}},"2":{"start":{"line":13,"column":19},"end":{"line":13,"column":63}},"3":{"start":{"line":13,"column":30},"end":{"line":13,"column":62}},"4":{"start":{"line":14,"column":19},"end":{"line":14,"column":63}},"5":{"start":{"line":14,"column":30},"end":{"line":14,"column":62}},"6":{"start":{"line":15,"column":27},"end":{"line":15,"column":79}},"7":{"start":{"line":15,"column":38},"end":{"line":15,"column":78}},"8":{"start":{"line":16,"column":19},"end":{"line":16,"column":63}},"9":{"start":{"line":16,"column":30},"end":{"line":16,"column":62}},"10":{"start":{"line":17,"column":21},"end":{"line":17,"column":67}},"11":{"start":{"line":17,"column":32},"end":{"line":17,"column":66}},"12":{"start":{"line":18,"column":25},"end":{"line":18,"column":75}},"13":{"start":{"line":18,"column":36},"end":{"line":18,"column":74}},"14":{"start":{"line":19,"column":22},"end":{"line":19,"column":69}},"15":{"start":{"line":19,"column":33},"end":{"line":19,"column":68}},"16":{"start":{"line":20,"column":24},"end":{"line":20,"column":66}},"17":{"start":{"line":20,"column":35},"end":{"line":20,"column":65}},"18":{"start":{"line":21,"column":26},"end":{"line":21,"column":70}},"19":{"start":{"line":21,"column":37},"end":{"line":21,"column":69}},"20":{"start":{"line":22,"column":21},"end":{"line":22,"column":67}},"21":{"start":{"line":22,"column":32},"end":{"line":22,"column":66}},"22":{"start":{"line":23,"column":17},"end":{"line":23,"column":56}},"23":{"start":{"line":23,"column":28},"end":{"line":23,"column":55}},"24":{"start":{"line":24,"column":21},"end":{"line":24,"column":64}},"25":{"start":{"line":24,"column":32},"end":{"line":24,"column":63}},"26":{"start":{"line":25,"column":26},"end":{"line":25,"column":69}},"27":{"start":{"line":25,"column":37},"end":{"line":25,"column":68}},"28":{"start":{"line":26,"column":21},"end":{"line":26,"column":60}},"29":{"start":{"line":26,"column":32},"end":{"line":26,"column":59}},"30":{"start":{"line":27,"column":32},"end":{"line":27,"column":71}},"31":{"start":{"line":27,"column":43},"end":{"line":27,"column":70}},"32":{"start":{"line":28,"column":22},"end":{"line":28,"column":67}},"33":{"start":{"line":28,"column":33},"end":{"line":28,"column":66}},"34":{"start":{"line":29,"column":20},"end":{"line":29,"column":63}},"35":{"start":{"line":29,"column":31},"end":{"line":29,"column":62}},"36":{"start":{"line":30,"column":17},"end":{"line":30,"column":56}},"37":{"start":{"line":30,"column":28},"end":{"line":30,"column":55}},"38":{"start":{"line":31,"column":23},"end":{"line":31,"column":64}},"39":{"start":{"line":31,"column":34},"end":{"line":31,"column":63}},"40":{"start":{"line":34,"column":1},"end":{"line":70,"column":3}}},"fnMap":{"0":{"name":"(anonymous_0)","decl":{"start":{"line":12,"column":22},"end":{"line":12,"column":23}},"loc":{"start":{"line":12,"column":28},"end":{"line":12,"column":50}},"line":12},"1":{"name":"(anonymous_1)","decl":{"start":{"line":13,"column":24},"end":{"line":13,"column":25}},"loc":{"start":{"line":13,"column":30},"end":{"line":13,"column":62}},"line":13},"2":{"name":"(anonymous_2)","decl":{"start":{"line":14,"column":24},"end":{"line":14,"column":25}},"loc":{"start":{"line":14,"column":30},"end":{"line":14,"column":62}},"line":14},"3":{"name":"(anonymous_3)","decl":{"start":{"line":15,"column":32},"end":{"line":15,"column":33}},"loc":{"start":{"line":15,"column":38},"end":{"line":15,"column":78}},"line":15},"4":{"name":"(anonymous_4)","decl":{"start":{"line":16,"column":24},"end":{"line":16,"column":25}},"loc":{"start":{"line":16,"column":30},"end":{"line":16,"column":62}},"line":16},"5":{"name":"(anonymous_5)","decl":{"start":{"line":17,"column":26},"end":{"line":17,"column":27}},"loc":{"start":{"line":17,"column":32},"end":{"line":17,"column":66}},"line":17},"6":{"name":"(anonymous_6)","decl":{"start":{"line":18,"column":30},"end":{"line":18,"column":31}},"loc":{"start":{"line":18,"column":36},"end":{"line":18,"column":74}},"line":18},"7":{"name":"(anonymous_7)","decl":{"start":{"line":19,"column":27},"end":{"line":19,"column":28}},"loc":{"start":{"line":19,"column":33},"end":{"line":19,"column":68}},"line":19},"8":{"name":"(anonymous_8)","decl":{"start":{"line":20,"column":29},"end":{"line":20,"column":30}},"loc":{"start":{"line":20,"column":35},"end":{"line":20,"column":65}},"line":20},"9":{"name":"(anonymous_9)","decl":{"start":{"line":21,"column":31},"end":{"line":21,"column":32}},"loc":{"start":{"line":21,"column":37},"end":{"line":21,"column":69}},"line":21},"10":{"name":"(anonymous_10)","decl":{"start":{"line":22,"column":26},"end":{"line":22,"column":27}},"loc":{"start":{"line":22,"column":32},"end":{"line":22,"column":66}},"line":22},"11":{"name":"(anonymous_11)","decl":{"start":{"line":23,"column":22},"end":{"line":23,"column":23}},"loc":{"start":{"line":23,"column":28},"end":{"line":23,"column":55}},"line":23},"12":{"name":"(anonymous_12)","decl":{"start":{"line":24,"column":26},"end":{"line":24,"column":27}},"loc":{"start":{"line":24,"column":32},"end":{"line":24,"column":63}},"line":24},"13":{"name":"(anonymous_13)","decl":{"start":{"line":25,"column":31},"end":{"line":25,"column":32}},"loc":{"start":{"line":25,"column":37},"end":{"line":25,"column":68}},"line":25},"14":{"name":"(anonymous_14)","decl":{"start":{"line":26,"column":26},"end":{"line":26,"column":27}},"loc":{"start":{"line":26,"column":32},"end":{"line":26,"column":59}},"line":26},"15":{"name":"(anonymous_15)","decl":{"start":{"line":27,"column":37},"end":{"line":27,"column":38}},"loc":{"start":{"line":27,"column":43},"end":{"line":27,"column":70}},"line":27},"16":{"name":"(anonymous_16)","decl":{"start":{"line":28,"column":27},"end":{"line":28,"column":28}},"loc":{"start":{"line":28,"column":33},"end":{"line":28,"column":66}},"line":28},"17":{"name":"(anonymous_17)","decl":{"start":{"line":29,"column":25},"end":{"line":29,"column":26}},"loc":{"start":{"line":29,"column":31},"end":{"line":29,"column":62}},"line":29},"18":{"name":"(anonymous_18)","decl":{"start":{"line":30,"column":22},"end":{"line":30,"column":23}},"loc":{"start":{"line":30,"column":28},"end":{"line":30,"column":55}},"line":30},"19":{"name":"(anonymous_19)","decl":{"start":{"line":31,"column":28},"end":{"line":31,"column":29}},"loc":{"start":{"line":31,"column":34},"end":{"line":31,"column":63}},"line":31},"20":{"name":"App","decl":{"start":{"line":33,"column":9},"end":{"line":33,"column":12}},"loc":{"start":{"line":33,"column":15},"end":{"line":71,"column":1}},"line":33}},"branchMap":{},"s":{"0":0,"1":0,"2":0,"3":0,"4":0,"5":0,"6":0,"7":0,"8":0,"9":0,"10":0,"11":0,"12":0,"13":0,"14":0,"15":0,"16":0,"17":0,"18":0,"19":0,"20":0,"21":0,"22":0,"23":0,"24":0,"25":0,"26":0,"27":0,"28":0,"29":0,"30":0,"31":0,"32":0,"33":0,"34":0,"35":0,"36":0,"37":0,"38":0,"39":0,"40":0},"f":{"0":0,"1":0,"2":0,"3":0,"4":0,"5":0,"6":0,"7":0,"8":0,"9":0,"10":0,"11":0,"12":0,"13":0,"14":0,"15":0,"16":0,"17":0,"18":0,"19":0,"20":0},"b":{}}
,"C:\\Users\\Josue\\Downloads\\Datil\\t3-market\\web\\src\\components\\ecommerce\\shop\\index.js": {"path":"C:\\Users\\Josue\\Downloads\\Datil\\t3-market\\web\\src\\components\\ecommerce\\shop\\index.js","statementMap":{"0":{"start":{"line":10,"column":23},"end":{"line":10,"column":34}},"1":{"start":{"line":11,"column":14},"end":{"line":11,"column":54}},"2":{"start":{"line":13,"column":0},"end":{"line":15,"column":3}},"3":{"start":{"line":14,"column":1},"end":{"line":14,"column":18}},"4":{"start":{"line":17,"column":0},"end":{"line":22,"column":2}},"5":{"start":{"line":27,"column":0},"end":{"line":27,"column":25}}},"fnMap":{"0":{"name":"(anonymous_0)","decl":{"start":{"line":13,"column":16},"end":{"line":13,"column":17}},"loc":{"start":{"line":13,"column":22},"end":{"line":15,"column":1}},"line":13}},"branchMap":{},"s":{"0":0,"1":0,"2":0,"3":0,"4":0,"5":0},"f":{"0":0},"b":{}}
,"C:\\Users\\Josue\\Downloads\\Datil\\t3-market\\web\\src\\components\\ecommerce\\shop\\localStorage.js": {"path":"C:\\Users\\Josue\\Downloads\\Datil\\t3-market\\web\\src\\components\\ecommerce\\shop\\localStorage.js","statementMap":{"0":{"start":{"line":1,"column":25},"end":{"line":11,"column":1}},"1":{"start":{"line":2,"column":1},"end":{"line":10,"column":2}},"2":{"start":{"line":3,"column":26},"end":{"line":3,"column":57}},"3":{"start":{"line":4,"column":2},"end":{"line":6,"column":3}},"4":{"start":{"line":5,"column":3},"end":{"line":5,"column":20}},"5":{"start":{"line":7,"column":2},"end":{"line":7,"column":37}},"6":{"start":{"line":9,"column":2},"end":{"line":9,"column":19}},"7":{"start":{"line":13,"column":25},"end":{"line":20,"column":1}},"8":{"start":{"line":14,"column":1},"end":{"line":19,"column":2}},"9":{"start":{"line":15,"column":26},"end":{"line":15,"column":47}},"10":{"start":{"line":16,"column":2},"end":{"line":16,"column":51}}},"fnMap":{"0":{"name":"(anonymous_0)","decl":{"start":{"line":1,"column":25},"end":{"line":1,"column":26}},"loc":{"start":{"line":1,"column":31},"end":{"line":11,"column":1}},"line":1},"1":{"name":"(anonymous_1)","decl":{"start":{"line":13,"column":25},"end":{"line":13,"column":26}},"loc":{"start":{"line":13,"column":36},"end":{"line":20,"column":1}},"line":13}},"branchMap":{"0":{"loc":{"start":{"line":4,"column":2},"end":{"line":6,"column":3}},"type":"if","locations":[{"start":{"line":4,"column":2},"end":{"line":6,"column":3}},{"start":{"line":4,"column":2},"end":{"line":6,"column":3}}],"line":4}},"s":{"0":0,"1":0,"2":0,"3":0,"4":0,"5":0,"6":0,"7":0,"8":0,"9":0,"10":0},"f":{"0":0,"1":0},"b":{"0":[0,0]}}
,"C:\\Users\\Josue\\Downloads\\Datil\\t3-market\\web\\src\\components\\ecommerce\\shop\\serviceWorker.js": {"path":"C:\\Users\\Josue\\Downloads\\Datil\\t3-market\\web\\src\\components\\ecommerce\\shop\\serviceWorker.js","statementMap":{"0":{"start":{"line":13,"column":20},"end":{"line":19,"column":1}},"1":{"start":{"line":22,"column":1},"end":{"line":52,"column":2}},"2":{"start":{"line":24,"column":20},"end":{"line":24,"column":73}},"3":{"start":{"line":25,"column":2},"end":{"line":30,"column":3}},"4":{"start":{"line":29,"column":3},"end":{"line":29,"column":10}},"5":{"start":{"line":32,"column":2},"end":{"line":51,"column":5}},"6":{"start":{"line":33,"column":17},"end":{"line":33,"column":62}},"7":{"start":{"line":35,"column":3},"end":{"line":50,"column":4}},"8":{"start":{"line":37,"column":4},"end":{"line":37,"column":43}},"9":{"start":{"line":41,"column":4},"end":{"line":46,"column":7}},"10":{"start":{"line":42,"column":5},"end":{"line":45,"column":7}},"11":{"start":{"line":49,"column":4},"end":{"line":49,"column":35}},"12":{"start":{"line":56,"column":1},"end":{"line":96,"column":5}},"13":{"start":{"line":59,"column":3},"end":{"line":92,"column":5}},"14":{"start":{"line":60,"column":29},"end":{"line":60,"column":52}},"15":{"start":{"line":61,"column":4},"end":{"line":63,"column":5}},"16":{"start":{"line":62,"column":5},"end":{"line":62,"column":12}},"17":{"start":{"line":64,"column":4},"end":{"line":91,"column":6}},"18":{"start":{"line":65,"column":5},"end":{"line":90,"column":6}},"19":{"start":{"line":66,"column":6},"end":{"line":89,"column":7}},"20":{"start":{"line":70,"column":7},"end":{"line":73,"column":9}},"21":{"start":{"line":76,"column":7},"end":{"line":78,"column":8}},"22":{"start":{"line":77,"column":8},"end":{"line":77,"column":38}},"23":{"start":{"line":83,"column":7},"end":{"line":83,"column":57}},"24":{"start":{"line":86,"column":7},"end":{"line":88,"column":8}},"25":{"start":{"line":87,"column":8},"end":{"line":87,"column":39}},"26":{"start":{"line":95,"column":3},"end":{"line":95,"column":69}},"27":{"start":{"line":101,"column":1},"end":{"line":124,"column":5}},"28":{"start":{"line":106,"column":23},"end":{"line":106,"column":59}},"29":{"start":{"line":107,"column":3},"end":{"line":120,"column":4}},"30":{"start":{"line":112,"column":4},"end":{"line":116,"column":7}},"31":{"start":{"line":113,"column":5},"end":{"line":115,"column":8}},"32":{"start":{"line":114,"column":6},"end":{"line":114,"column":31}},"33":{"start":{"line":119,"column":4},"end":{"line":119,"column":35}},"34":{"start":{"line":123,"column":3},"end":{"line":123,"column":80}},"35":{"start":{"line":128,"column":1},"end":{"line":136,"column":2}},"36":{"start":{"line":129,"column":2},"end":{"line":135,"column":6}},"37":{"start":{"line":131,"column":4},"end":{"line":131,"column":30}},"38":{"start":{"line":134,"column":4},"end":{"line":134,"column":33}}},"fnMap":{"0":{"name":"register","decl":{"start":{"line":21,"column":16},"end":{"line":21,"column":24}},"loc":{"start":{"line":21,"column":33},"end":{"line":53,"column":1}},"line":21},"1":{"name":"(anonymous_1)","decl":{"start":{"line":32,"column":34},"end":{"line":32,"column":35}},"loc":{"start":{"line":32,"column":40},"end":{"line":51,"column":3}},"line":32},"2":{"name":"(anonymous_2)","decl":{"start":{"line":41,"column":39},"end":{"line":41,"column":40}},"loc":{"start":{"line":41,"column":45},"end":{"line":46,"column":5}},"line":41},"3":{"name":"registerValidSW","decl":{"start":{"line":55,"column":9},"end":{"line":55,"column":24}},"loc":{"start":{"line":55,"column":40},"end":{"line":97,"column":1}},"line":55},"4":{"name":"(anonymous_4)","decl":{"start":{"line":58,"column":8},"end":{"line":58,"column":9}},"loc":{"start":{"line":58,"column":26},"end":{"line":93,"column":3}},"line":58},"5":{"name":"(anonymous_5)","decl":{"start":{"line":59,"column":32},"end":{"line":59,"column":33}},"loc":{"start":{"line":59,"column":38},"end":{"line":92,"column":4}},"line":59},"6":{"name":"(anonymous_6)","decl":{"start":{"line":64,"column":37},"end":{"line":64,"column":38}},"loc":{"start":{"line":64,"column":43},"end":{"line":91,"column":5}},"line":64},"7":{"name":"(anonymous_7)","decl":{"start":{"line":94,"column":9},"end":{"line":94,"column":10}},"loc":{"start":{"line":94,"column":20},"end":{"line":96,"column":3}},"line":94},"8":{"name":"checkValidServiceWorker","decl":{"start":{"line":99,"column":9},"end":{"line":99,"column":32}},"loc":{"start":{"line":99,"column":48},"end":{"line":125,"column":1}},"line":99},"9":{"name":"(anonymous_9)","decl":{"start":{"line":104,"column":8},"end":{"line":104,"column":9}},"loc":{"start":{"line":104,"column":22},"end":{"line":121,"column":3}},"line":104},"10":{"name":"(anonymous_10)","decl":{"start":{"line":112,"column":39},"end":{"line":112,"column":40}},"loc":{"start":{"line":112,"column":57},"end":{"line":116,"column":5}},"line":112},"11":{"name":"(anonymous_11)","decl":{"start":{"line":113,"column":36},"end":{"line":113,"column":37}},"loc":{"start":{"line":113,"column":42},"end":{"line":115,"column":6}},"line":113},"12":{"name":"(anonymous_12)","decl":{"start":{"line":122,"column":9},"end":{"line":122,"column":10}},"loc":{"start":{"line":122,"column":15},"end":{"line":124,"column":3}},"line":122},"13":{"name":"unregister","decl":{"start":{"line":127,"column":16},"end":{"line":127,"column":26}},"loc":{"start":{"line":127,"column":29},"end":{"line":137,"column":1}},"line":127},"14":{"name":"(anonymous_14)","decl":{"start":{"line":130,"column":9},"end":{"line":130,"column":10}},"loc":{"start":{"line":130,"column":27},"end":{"line":132,"column":4}},"line":130},"15":{"name":"(anonymous_15)","decl":{"start":{"line":133,"column":10},"end":{"line":133,"column":11}},"loc":{"start":{"line":133,"column":21},"end":{"line":135,"column":4}},"line":133}},"branchMap":{"0":{"loc":{"start":{"line":14,"column":1},"end":{"line":18,"column":90}},"type":"binary-expr","locations":[{"start":{"line":14,"column":1},"end":{"line":14,"column":41}},{"start":{"line":16,"column":2},"end":{"line":16,"column":38}},{"start":{"line":18,"column":2},"end":{"line":18,"column":90}}],"line":14},"1":{"loc":{"start":{"line":22,"column":1},"end":{"line":52,"column":2}},"type":"if","locations":[{"start":{"line":22,"column":1},"end":{"line":52,"column":2}},{"start":{"line":22,"column":1},"end":{"line":52,"column":2}}],"line":22},"2":{"loc":{"start":{"line":22,"column":5},"end":{"line":22,"column":74}},"type":"binary-expr","locations":[{"start":{"line":22,"column":5},"end":{"line":22,"column":42}},{"start":{"line":22,"column":46},"end":{"line":22,"column":74}}],"line":22},"3":{"loc":{"start":{"line":25,"column":2},"end":{"line":30,"column":3}},"type":"if","locations":[{"start":{"line":25,"column":2},"end":{"line":30,"column":3}},{"start":{"line":25,"column":2},"end":{"line":30,"column":3}}],"line":25},"4":{"loc":{"start":{"line":35,"column":3},"end":{"line":50,"column":4}},"type":"if","locations":[{"start":{"line":35,"column":3},"end":{"line":50,"column":4}},{"start":{"line":35,"column":3},"end":{"line":50,"column":4}}],"line":35},"5":{"loc":{"start":{"line":61,"column":4},"end":{"line":63,"column":5}},"type":"if","locations":[{"start":{"line":61,"column":4},"end":{"line":63,"column":5}},{"start":{"line":61,"column":4},"end":{"line":63,"column":5}}],"line":61},"6":{"loc":{"start":{"line":65,"column":5},"end":{"line":90,"column":6}},"type":"if","locations":[{"start":{"line":65,"column":5},"end":{"line":90,"column":6}},{"start":{"line":65,"column":5},"end":{"line":90,"column":6}}],"line":65},"7":{"loc":{"start":{"line":66,"column":6},"end":{"line":89,"column":7}},"type":"if","locations":[{"start":{"line":66,"column":6},"end":{"line":89,"column":7}},{"start":{"line":66,"column":6},"end":{"line":89,"column":7}}],"line":66},"8":{"loc":{"start":{"line":76,"column":7},"end":{"line":78,"column":8}},"type":"if","locations":[{"start":{"line":76,"column":7},"end":{"line":78,"column":8}},{"start":{"line":76,"column":7},"end":{"line":78,"column":8}}],"line":76},"9":{"loc":{"start":{"line":76,"column":11},"end":{"line":76,"column":36}},"type":"binary-expr","locations":[{"start":{"line":76,"column":11},"end":{"line":76,"column":17}},{"start":{"line":76,"column":21},"end":{"line":76,"column":36}}],"line":76},"10":{"loc":{"start":{"line":86,"column":7},"end":{"line":88,"column":8}},"type":"if","locations":[{"start":{"line":86,"column":7},"end":{"line":88,"column":8}},{"start":{"line":86,"column":7},"end":{"line":88,"column":8}}],"line":86},"11":{"loc":{"start":{"line":86,"column":11},"end":{"line":86,"column":37}},"type":"binary-expr","locations":[{"start":{"line":86,"column":11},"end":{"line":86,"column":17}},{"start":{"line":86,"column":21},"end":{"line":86,"column":37}}],"line":86},"12":{"loc":{"start":{"line":107,"column":3},"end":{"line":120,"column":4}},"type":"if","locations":[{"start":{"line":107,"column":3},"end":{"line":120,"column":4}},{"start":{"line":107,"column":3},"end":{"line":120,"column":4}}],"line":107},"13":{"loc":{"start":{"line":108,"column":4},"end":{"line":109,"column":69}},"type":"binary-expr","locations":[{"start":{"line":108,"column":4},"end":{"line":108,"column":27}},{"start":{"line":109,"column":5},"end":{"line":109,"column":24}},{"start":{"line":109,"column":28},"end":{"line":109,"column":68}}],"line":108},"14":{"loc":{"start":{"line":128,"column":1},"end":{"line":136,"column":2}},"type":"if","locations":[{"start":{"line":128,"column":1},"end":{"line":136,"column":2}},{"start":{"line":128,"column":1},"end":{"line":136,"column":2}}],"line":128}},"s":{"0":0,"1":0,"2":0,"3":0,"4":0,"5":0,"6":0,"7":0,"8":0,"9":0,"10":0,"11":0,"12":0,"13":0,"14":0,"15":0,"16":0,"17":0,"18":0,"19":0,"20":0,"21":0,"22":0,"23":0,"24":0,"25":0,"26":0,"27":0,"28":0,"29":0,"30":0,"31":0,"32":0,"33":0,"34":0,"35":0,"36":0,"37":0,"38":0},"f":{"0":0,"1":0,"2":0,"3":0,"4":0,"5":0,"6":0,"7":0,"8":0,"9":0,"10":0,"11":0,"12":0,"13":0,"14":0,"15":0},"b":{"0":[0,0,0],"1":[0,0],"2":[0,0],"3":[0,0],"4":[0,0],"5":[0,0],"6":[0,0],"7":[0,0],"8":[0,0],"9":[0,0],"10":[0,0],"11":[0,0],"12":[0,0],"13":[0,0,0],"14":[0,0]}}
,"C:\\Users\\Josue\\Downloads\\Datil\\t3-market\\web\\src\\components\\ecommerce\\shop\\setupTests.js": {"path":"C:\\Users\\Josue\\Downloads\\Datil\\t3-market\\web\\src\\components\\ecommerce\\shop\\setupTests.js","statementMap":{},"fnMap":{},"branchMap":{},"s":{},"f":{},"b":{}}
,"C:\\Users\\Josue\\Downloads\\Datil\\t3-market\\web\\src\\components\\ecommerce\\shop\\components\\Breadcrumb.jsx": {"path":"C:\\Users\\Josue\\Downloads\\Datil\\t3-market\\web\\src\\components\\ecommerce\\shop\\components\\Breadcrumb.jsx","statementMap":{"0":{"start":{"line":3,"column":19},"end":{"line":18,"column":1}},"1":{"start":{"line":4,"column":1},"end":{"line":17,"column":3}}},"fnMap":{"0":{"name":"(anonymous_0)","decl":{"start":{"line":3,"column":19},"end":{"line":3,"column":20}},"loc":{"start":{"line":3,"column":25},"end":{"line":18,"column":1}},"line":3}},"branchMap":{},"s":{"0":0,"1":0},"f":{"0":0},"b":{}}
,"C:\\Users\\Josue\\Downloads\\Datil\\t3-market\\web\\src\\components\\ecommerce\\shop\\components\\ContactUsForm.jsx": {"path":"C:\\Users\\Josue\\Downloads\\Datil\\t3-market\\web\\src\\components\\ecommerce\\shop\\components\\ContactUsForm.jsx","statementMap":{"0":{"start":{"line":24,"column":22},"end":{"line":121,"column":1}},"1":{"start":{"line":25,"column":62},"end":{"line":25,"column":67}},"2":{"start":{"line":26,"column":1},"end":{"line":120,"column":3}}},"fnMap":{"0":{"name":"(anonymous_0)","decl":{"start":{"line":24,"column":22},"end":{"line":24,"column":23}},"loc":{"start":{"line":24,"column":33},"end":{"line":121,"column":1}},"line":24}},"branchMap":{"0":{"loc":{"start":{"line":29,"column":34},"end":{"line":29,"column":69}},"type":"cond-expr","locations":[{"start":{"line":29,"column":49},"end":{"line":29,"column":64}},{"start":{"line":29,"column":67},"end":{"line":29,"column":69}}],"line":29}},"s":{"0":0,"1":0,"2":0},"f":{"0":0},"b":{"0":[0,0]}}
,"C:\\Users\\Josue\\Downloads\\Datil\\t3-market\\web\\src\\components\\ecommerce\\shop\\components\\Footer.jsx": {"path":"C:\\Users\\Josue\\Downloads\\Datil\\t3-market\\web\\src\\components\\ecommerce\\shop\\components\\Footer.jsx","statementMap":{"0":{"start":{"line":26,"column":15},"end":{"line":227,"column":1}},"1":{"start":{"line":27,"column":1},"end":{"line":226,"column":3}}},"fnMap":{"0":{"name":"(anonymous_0)","decl":{"start":{"line":26,"column":15},"end":{"line":26,"column":16}},"loc":{"start":{"line":26,"column":21},"end":{"line":227,"column":1}},"line":26}},"branchMap":{},"s":{"0":0,"1":0},"f":{"0":0},"b":{}}
,"C:\\Users\\Josue\\Downloads\\Datil\\t3-market\\web\\src\\components\\ecommerce\\shop\\components\\Header.jsx": {"path":"C:\\Users\\Josue\\Downloads\\Datil\\t3-market\\web\\src\\components\\ecommerce\\shop\\components\\Header.jsx","statementMap":{"0":{"start":{"line":20,"column":15},"end":{"line":146,"column":1}},"1":{"start":{"line":21,"column":18},"end":{"line":21,"column":31}},"2":{"start":{"line":22,"column":17},"end":{"line":22,"column":32}},"3":{"start":{"line":24,"column":1},"end":{"line":26,"column":25}},"4":{"start":{"line":25,"column":2},"end":{"line":25,"column":36}},"5":{"start":{"line":28,"column":26},"end":{"line":28,"column":66}},"6":{"start":{"line":28,"column":49},"end":{"line":28,"column":65}},"7":{"start":{"line":30,"column":22},"end":{"line":32,"column":2}},"8":{"start":{"line":31,"column":2},"end":{"line":31,"column":17}},"9":{"start":{"line":34,"column":1},"end":{"line":145,"column":3}}},"fnMap":{"0":{"name":"(anonymous_0)","decl":{"start":{"line":20,"column":15},"end":{"line":20,"column":16}},"loc":{"start":{"line":20,"column":21},"end":{"line":146,"column":1}},"line":20},"1":{"name":"(anonymous_1)","decl":{"start":{"line":24,"column":11},"end":{"line":24,"column":12}},"loc":{"start":{"line":24,"column":17},"end":{"line":26,"column":2}},"line":24},"2":{"name":"(anonymous_2)","decl":{"start":{"line":28,"column":38},"end":{"line":28,"column":39}},"loc":{"start":{"line":28,"column":49},"end":{"line":28,"column":65}},"line":28},"3":{"name":"(anonymous_3)","decl":{"start":{"line":30,"column":22},"end":{"line":30,"column":23}},"loc":{"start":{"line":30,"column":28},"end":{"line":32,"column":2}},"line":30}},"branchMap":{"0":{"loc":{"start":{"line":56,"column":11},"end":{"line":56,"column":69}},"type":"cond-expr","locations":[{"start":{"line":56,"column":33},"end":{"line":56,"column":65}},{"start":{"line":56,"column":68},"end":{"line":56,"column":69}}],"line":56},"1":{"loc":{"start":{"line":109,"column":11},"end":{"line":123,"column":11}},"type":"cond-expr","locations":[{"start":{"line":110,"column":11},"end":{"line":117,"column":18}},{"start":{"line":119,"column":11},"end":{"line":122,"column":18}}],"line":109}},"s":{"0":1,"1":1,"2":1,"3":1,"4":1,"5":1,"6":2,"7":1,"8":0,"9":1},"f":{"0":1,"1":1,"2":2,"3":0},"b":{"0":[0,1],"1":[0,1]},"_coverageSchema":"1a1c01bbd47fc00a2c39e90264f33305004495a9","hash":"2ea393d9803a3a8c97b9cc3b55f47454c40f4d10"}
,"C:\\Users\\Josue\\Downloads\\Datil\\t3-market\\web\\src\\components\\ecommerce\\shop\\components\\Paging.jsx": {"path":"C:\\Users\\Josue\\Downloads\\Datil\\t3-market\\web\\src\\components\\ecommerce\\shop\\components\\Paging.jsx","statementMap":{"0":{"start":{"line":4,"column":18},"end":{"line":4,"column":24}},"1":{"start":{"line":5,"column":19},"end":{"line":5,"column":26}},"2":{"start":{"line":7,"column":14},"end":{"line":17,"column":1}},"3":{"start":{"line":8,"column":9},"end":{"line":8,"column":13}},"4":{"start":{"line":9,"column":15},"end":{"line":9,"column":17}},"5":{"start":{"line":11,"column":1},"end":{"line":14,"column":2}},"6":{"start":{"line":12,"column":2},"end":{"line":12,"column":16}},"7":{"start":{"line":13,"column":2},"end":{"line":13,"column":12}},"8":{"start":{"line":16,"column":1},"end":{"line":16,"column":14}},"9":{"start":{"line":21,"column":2},"end":{"line":21,"column":10}},"10":{"start":{"line":28,"column":6},"end":{"line":28,"column":11}},"11":{"start":{"line":29,"column":2},"end":{"line":29,"column":57}},"12":{"start":{"line":30,"column":2},"end":{"line":30,"column":66}},"13":{"start":{"line":31,"column":2},"end":{"line":31,"column":66}},"14":{"start":{"line":32,"column":2},"end":{"line":32,"column":74}},"15":{"start":{"line":34,"column":2},"end":{"line":35,"column":85}},"16":{"start":{"line":37,"column":2},"end":{"line":37,"column":66}},"17":{"start":{"line":39,"column":2},"end":{"line":39,"column":34}},"18":{"start":{"line":43,"column":2},"end":{"line":43,"column":19}},"19":{"start":{"line":46,"column":12},"end":{"line":59,"column":2}},"20":{"start":{"line":47,"column":39},"end":{"line":47,"column":49}},"21":{"start":{"line":47,"column":33},"end":{"line":47,"column":34}},"22":{"start":{"line":49,"column":22},"end":{"line":49,"column":66}},"23":{"start":{"line":51,"column":25},"end":{"line":56,"column":3}},"24":{"start":{"line":58,"column":2},"end":{"line":58,"column":70}},"25":{"start":{"line":58,"column":39},"end":{"line":58,"column":68}},"26":{"start":{"line":61,"column":15},"end":{"line":64,"column":2}},"27":{"start":{"line":62,"column":2},"end":{"line":62,"column":23}},"28":{"start":{"line":63,"column":2},"end":{"line":63,"column":22}},"29":{"start":{"line":66,"column":18},"end":{"line":69,"column":2}},"30":{"start":{"line":67,"column":2},"end":{"line":67,"column":23}},"31":{"start":{"line":68,"column":2},"end":{"line":68,"column":70}},"32":{"start":{"line":71,"column":19},"end":{"line":74,"column":2}},"33":{"start":{"line":72,"column":2},"end":{"line":72,"column":23}},"34":{"start":{"line":73,"column":2},"end":{"line":73,"column":70}},"35":{"start":{"line":76,"column":20},"end":{"line":119,"column":2}},"36":{"start":{"line":77,"column":21},"end":{"line":77,"column":36}},"37":{"start":{"line":78,"column":22},"end":{"line":78,"column":44}},"38":{"start":{"line":79,"column":25},"end":{"line":79,"column":44}},"39":{"start":{"line":81,"column":23},"end":{"line":81,"column":50}},"40":{"start":{"line":82,"column":22},"end":{"line":82,"column":38}},"41":{"start":{"line":84,"column":2},"end":{"line":116,"column":3}},"42":{"start":{"line":85,"column":15},"end":{"line":85,"column":17}},"43":{"start":{"line":87,"column":21},"end":{"line":87,"column":49}},"44":{"start":{"line":88,"column":22},"end":{"line":88,"column":50}},"45":{"start":{"line":89,"column":26},"end":{"line":89,"column":40}},"46":{"start":{"line":91,"column":21},"end":{"line":91,"column":50}},"47":{"start":{"line":92,"column":19},"end":{"line":92,"column":76}},"48":{"start":{"line":94,"column":3},"end":{"line":94,"column":37}},"49":{"start":{"line":96,"column":22},"end":{"line":96,"column":34}},"50":{"start":{"line":97,"column":29},"end":{"line":97,"column":58}},"51":{"start":{"line":99,"column":21},"end":{"line":99,"column":34}},"52":{"start":{"line":100,"column":22},"end":{"line":100,"column":46}},"53":{"start":{"line":102,"column":25},"end":{"line":102,"column":34}},"54":{"start":{"line":103,"column":26},"end":{"line":103,"column":36}},"55":{"start":{"line":105,"column":3},"end":{"line":113,"column":4}},"56":{"start":{"line":106,"column":23},"end":{"line":106,"column":74}},"57":{"start":{"line":107,"column":4},"end":{"line":107,"column":53}},"58":{"start":{"line":108,"column":10},"end":{"line":113,"column":4}},"59":{"start":{"line":109,"column":23},"end":{"line":109,"column":70}},"60":{"start":{"line":110,"column":4},"end":{"line":110,"column":54}},"61":{"start":{"line":111,"column":10},"end":{"line":113,"column":4}},"62":{"start":{"line":112,"column":4},"end":{"line":112,"column":54}},"63":{"start":{"line":115,"column":3},"end":{"line":115,"column":36}},"64":{"start":{"line":118,"column":2},"end":{"line":118,"column":30}},"65":{"start":{"line":122,"column":2},"end":{"line":122,"column":38}},"66":{"start":{"line":122,"column":26},"end":{"line":122,"column":38}},"67":{"start":{"line":124,"column":2},"end":{"line":124,"column":41}},"68":{"start":{"line":124,"column":29},"end":{"line":124,"column":41}},"69":{"start":{"line":126,"column":26},"end":{"line":126,"column":36}},"70":{"start":{"line":127,"column":16},"end":{"line":127,"column":39}},"71":{"start":{"line":129,"column":2},"end":{"line":179,"column":4}},"72":{"start":{"line":133,"column":6},"end":{"line":145,"column":9}},"73":{"start":{"line":134,"column":7},"end":{"line":145,"column":9}},"74":{"start":{"line":147,"column":6},"end":{"line":160,"column":9}},"75":{"start":{"line":148,"column":7},"end":{"line":160,"column":9}},"76":{"start":{"line":162,"column":6},"end":{"line":175,"column":8}},"77":{"start":{"line":170,"column":25},"end":{"line":170,"column":50}},"78":{"start":{"line":183,"column":0},"end":{"line":189,"column":2}}},"fnMap":{"0":{"name":"(anonymous_0)","decl":{"start":{"line":7,"column":14},"end":{"line":7,"column":15}},"loc":{"start":{"line":7,"column":38},"end":{"line":17,"column":1}},"line":7},"1":{"name":"(anonymous_1)","decl":{"start":{"line":20,"column":1},"end":{"line":20,"column":2}},"loc":{"start":{"line":20,"column":20},"end":{"line":40,"column":2}},"line":20},"2":{"name":"(anonymous_2)","decl":{"start":{"line":42,"column":1},"end":{"line":42,"column":2}},"loc":{"start":{"line":42,"column":21},"end":{"line":44,"column":2}},"line":42},"3":{"name":"(anonymous_3)","decl":{"start":{"line":46,"column":12},"end":{"line":46,"column":13}},"loc":{"start":{"line":46,"column":22},"end":{"line":59,"column":2}},"line":46},"4":{"name":"(anonymous_4)","decl":{"start":{"line":47,"column":26},"end":{"line":47,"column":27}},"loc":{"start":{"line":47,"column":33},"end":{"line":47,"column":34}},"line":47},"5":{"name":"(anonymous_5)","decl":{"start":{"line":58,"column":33},"end":{"line":58,"column":34}},"loc":{"start":{"line":58,"column":39},"end":{"line":58,"column":68}},"line":58},"6":{"name":"(anonymous_6)","decl":{"start":{"line":61,"column":15},"end":{"line":61,"column":16}},"loc":{"start":{"line":61,"column":30},"end":{"line":64,"column":2}},"line":61},"7":{"name":"(anonymous_7)","decl":{"start":{"line":66,"column":18},"end":{"line":66,"column":19}},"loc":{"start":{"line":66,"column":27},"end":{"line":69,"column":2}},"line":66},"8":{"name":"(anonymous_8)","decl":{"start":{"line":71,"column":19},"end":{"line":71,"column":20}},"loc":{"start":{"line":71,"column":28},"end":{"line":74,"column":2}},"line":71},"9":{"name":"(anonymous_9)","decl":{"start":{"line":76,"column":20},"end":{"line":76,"column":21}},"loc":{"start":{"line":76,"column":26},"end":{"line":119,"column":2}},"line":76},"10":{"name":"(anonymous_10)","decl":{"start":{"line":121,"column":1},"end":{"line":121,"column":2}},"loc":{"start":{"line":121,"column":10},"end":{"line":180,"column":2}},"line":121},"11":{"name":"(anonymous_11)","decl":{"start":{"line":132,"column":16},"end":{"line":132,"column":17}},"loc":{"start":{"line":132,"column":33},"end":{"line":176,"column":6}},"line":132},"12":{"name":"(anonymous_12)","decl":{"start":{"line":170,"column":18},"end":{"line":170,"column":19}},"loc":{"start":{"line":170,"column":25},"end":{"line":170,"column":50}},"line":170}},"branchMap":{"0":{"loc":{"start":{"line":7,"column":25},"end":{"line":7,"column":33}},"type":"default-arg","locations":[{"start":{"line":7,"column":32},"end":{"line":7,"column":33}}],"line":7},"1":{"loc":{"start":{"line":23,"column":3},"end":{"line":23,"column":22}},"type":"default-arg","locations":[{"start":{"line":23,"column":18},"end":{"line":23,"column":22}}],"line":23},"2":{"loc":{"start":{"line":24,"column":3},"end":{"line":24,"column":17}},"type":"default-arg","locations":[{"start":{"line":24,"column":15},"end":{"line":24,"column":17}}],"line":24},"3":{"loc":{"start":{"line":25,"column":3},"end":{"line":25,"column":21}},"type":"default-arg","locations":[{"start":{"line":25,"column":20},"end":{"line":25,"column":21}}],"line":25},"4":{"loc":{"start":{"line":26,"column":3},"end":{"line":26,"column":14}},"type":"default-arg","locations":[{"start":{"line":26,"column":12},"end":{"line":26,"column":14}}],"line":26},"5":{"loc":{"start":{"line":27,"column":3},"end":{"line":27,"column":17}},"type":"default-arg","locations":[{"start":{"line":27,"column":15},"end":{"line":27,"column":17}}],"line":27},"6":{"loc":{"start":{"line":29,"column":16},"end":{"line":29,"column":56}},"type":"cond-expr","locations":[{"start":{"line":29,"column":45},"end":{"line":29,"column":51}},{"start":{"line":29,"column":54},"end":{"line":29,"column":56}}],"line":29},"7":{"loc":{"start":{"line":30,"column":19},"end":{"line":30,"column":65}},"type":"cond-expr","locations":[{"start":{"line":30,"column":51},"end":{"line":30,"column":60}},{"start":{"line":30,"column":63},"end":{"line":30,"column":65}}],"line":30},"8":{"loc":{"start":{"line":31,"column":19},"end":{"line":31,"column":65}},"type":"cond-expr","locations":[{"start":{"line":31,"column":51},"end":{"line":31,"column":60}},{"start":{"line":31,"column":63},"end":{"line":31,"column":65}}],"line":31},"9":{"loc":{"start":{"line":32,"column":22},"end":{"line":32,"column":73}},"type":"cond-expr","locations":[{"start":{"line":32,"column":57},"end":{"line":32,"column":69}},{"start":{"line":32,"column":72},"end":{"line":32,"column":73}}],"line":32},"10":{"loc":{"start":{"line":35,"column":3},"end":{"line":35,"column":84}},"type":"cond-expr","locations":[{"start":{"line":35,"column":40},"end":{"line":35,"column":80}},{"start":{"line":35,"column":83},"end":{"line":35,"column":84}}],"line":35},"11":{"loc":{"start":{"line":47,"column":10},"end":{"line":47,"column":34}},"type":"default-arg","locations":[{"start":{"line":47,"column":26},"end":{"line":47,"column":34}}],"line":47},"12":{"loc":{"start":{"line":84,"column":2},"end":{"line":116,"column":3}},"type":"if","locations":[{"start":{"line":84,"column":2},"end":{"line":116,"column":3}},{"start":{"line":84,"column":2},"end":{"line":116,"column":3}}],"line":84},"13":{"loc":{"start":{"line":91,"column":21},"end":{"line":91,"column":50}},"type":"cond-expr","locations":[{"start":{"line":91,"column":37},"end":{"line":91,"column":46}},{"start":{"line":91,"column":49},"end":{"line":91,"column":50}}],"line":91},"14":{"loc":{"start":{"line":92,"column":19},"end":{"line":92,"column":76}},"type":"cond-expr","locations":[{"start":{"line":92,"column":49},"end":{"line":92,"column":59}},{"start":{"line":92,"column":62},"end":{"line":92,"column":76}}],"line":92},"15":{"loc":{"start":{"line":105,"column":3},"end":{"line":113,"column":4}},"type":"if","locations":[{"start":{"line":105,"column":3},"end":{"line":113,"column":4}},{"start":{"line":105,"column":3},"end":{"line":113,"column":4}}],"line":105},"16":{"loc":{"start":{"line":105,"column":7},"end":{"line":105,"column":31}},"type":"binary-expr","locations":[{"start":{"line":105,"column":7},"end":{"line":105,"column":16}},{"start":{"line":105,"column":20},"end":{"line":105,"column":31}}],"line":105},"17":{"loc":{"start":{"line":108,"column":10},"end":{"line":113,"column":4}},"type":"if","locations":[{"start":{"line":108,"column":10},"end":{"line":113,"column":4}},{"start":{"line":108,"column":10},"end":{"line":113,"column":4}}],"line":108},"18":{"loc":{"start":{"line":108,"column":14},"end":{"line":108,"column":38}},"type":"binary-expr","locations":[{"start":{"line":108,"column":14},"end":{"line":108,"column":24}},{"start":{"line":108,"column":28},"end":{"line":108,"column":38}}],"line":108},"19":{"loc":{"start":{"line":111,"column":10},"end":{"line":113,"column":4}},"type":"if","locations":[{"start":{"line":111,"column":10},"end":{"line":113,"column":4}},{"start":{"line":111,"column":10},"end":{"line":113,"column":4}}],"line":111},"20":{"loc":{"start":{"line":111,"column":14},"end":{"line":111,"column":37}},"type":"binary-expr","locations":[{"start":{"line":111,"column":14},"end":{"line":111,"column":23}},{"start":{"line":111,"column":27},"end":{"line":111,"column":37}}],"line":111},"21":{"loc":{"start":{"line":122,"column":2},"end":{"line":122,"column":38}},"type":"if","locations":[{"start":{"line":122,"column":2},"end":{"line":122,"column":38}},{"start":{"line":122,"column":2},"end":{"line":122,"column":38}}],"line":122},"22":{"loc":{"start":{"line":124,"column":2},"end":{"line":124,"column":41}},"type":"if","locations":[{"start":{"line":124,"column":2},"end":{"line":124,"column":41}},{"start":{"line":124,"column":2},"end":{"line":124,"column":41}}],"line":124},"23":{"loc":{"start":{"line":133,"column":6},"end":{"line":145,"column":9}},"type":"if","locations":[{"start":{"line":133,"column":6},"end":{"line":145,"column":9}},{"start":{"line":133,"column":6},"end":{"line":145,"column":9}}],"line":133},"24":{"loc":{"start":{"line":147,"column":6},"end":{"line":160,"column":9}},"type":"if","locations":[{"start":{"line":147,"column":6},"end":{"line":160,"column":9}},{"start":{"line":147,"column":6},"end":{"line":160,"column":9}}],"line":147},"25":{"loc":{"start":{"line":165,"column":31},"end":{"line":165,"column":68}},"type":"cond-expr","locations":[{"start":{"line":165,"column":54},"end":{"line":165,"column":63}},{"start":{"line":165,"column":66},"end":{"line":165,"column":68}}],"line":165}},"s":{"0":0,"1":0,"2":0,"3":0,"4":0,"5":0,"6":0,"7":0,"8":0,"9":0,"10":0,"11":0,"12":0,"13":0,"14":0,"15":0,"16":0,"17":0,"18":0,"19":0,"20":0,"21":0,"22":0,"23":0,"24":0,"25":0,"26":0,"27":0,"28":0,"29":0,"30":0,"31":0,"32":0,"33":0,"34":0,"35":0,"36":0,"37":0,"38":0,"39":0,"40":0,"41":0,"42":0,"43":0,"44":0,"45":0,"46":0,"47":0,"48":0,"49":0,"50":0,"51":0,"52":0,"53":0,"54":0,"55":0,"56":0,"57":0,"58":0,"59":0,"60":0,"61":0,"62":0,"63":0,"64":0,"65":0,"66":0,"67":0,"68":0,"69":0,"70":0,"71":0,"72":0,"73":0,"74":0,"75":0,"76":0,"77":0,"78":0},"f":{"0":0,"1":0,"2":0,"3":0,"4":0,"5":0,"6":0,"7":0,"8":0,"9":0,"10":0,"11":0,"12":0},"b":{"0":[0],"1":[0],"2":[0],"3":[0],"4":[0],"5":[0],"6":[0,0],"7":[0,0],"8":[0,0],"9":[0,0],"10":[0,0],"11":[0],"12":[0,0],"13":[0,0],"14":[0,0],"15":[0,0],"16":[0,0],"17":[0,0],"18":[0,0],"19":[0,0],"20":[0,0],"21":[0,0],"22":[0,0],"23":[0,0],"24":[0,0],"25":[0,0]}}
,"C:\\Users\\Josue\\Downloads\\Datil\\t3-market\\web\\src\\components\\ecommerce\\shop\\components\\Search.jsx": {"path":"C:\\Users\\Josue\\Downloads\\Datil\\t3-market\\web\\src\\components\\ecommerce\\shop\\components\\Search.jsx","statementMap":{"0":{"start":{"line":4,"column":15},"end":{"line":23,"column":1}},"1":{"start":{"line":5,"column":1},"end":{"line":22,"column":3}}},"fnMap":{"0":{"name":"(anonymous_0)","decl":{"start":{"line":4,"column":15},"end":{"line":4,"column":16}},"loc":{"start":{"line":4,"column":21},"end":{"line":23,"column":1}},"line":4}},"branchMap":{},"s":{"0":1,"1":1},"f":{"0":1},"b":{},"_coverageSchema":"1a1c01bbd47fc00a2c39e90264f33305004495a9","hash":"b930db254fb7899799448f9ab860c7aedddd3880"}
,"C:\\Users\\Josue\\Downloads\\Datil\\t3-market\\web\\src\\components\\ecommerce\\shop\\components\\Support.jsx": {"path":"C:\\Users\\Josue\\Downloads\\Datil\\t3-market\\web\\src\\components\\ecommerce\\shop\\components\\Support.jsx","statementMap":{"0":{"start":{"line":5,"column":16},"end":{"line":40,"column":1}},"1":{"start":{"line":6,"column":1},"end":{"line":39,"column":3}}},"fnMap":{"0":{"name":"(anonymous_0)","decl":{"start":{"line":5,"column":16},"end":{"line":5,"column":17}},"loc":{"start":{"line":5,"column":27},"end":{"line":40,"column":1}},"line":5}},"branchMap":{},"s":{"0":0,"1":0},"f":{"0":0},"b":{}}
,"C:\\Users\\Josue\\Downloads\\Datil\\t3-market\\web\\src\\components\\ecommerce\\shop\\components\\TopMenu.jsx": {"path":"C:\\Users\\Josue\\Downloads\\Datil\\t3-market\\web\\src\\components\\ecommerce\\shop\\components\\TopMenu.jsx","statementMap":{"0":{"start":{"line":4,"column":16},"end":{"line":124,"column":1}},"1":{"start":{"line":5,"column":1},"end":{"line":123,"column":3}}},"fnMap":{"0":{"name":"(anonymous_0)","decl":{"start":{"line":4,"column":16},"end":{"line":4,"column":17}},"loc":{"start":{"line":4,"column":22},"end":{"line":124,"column":1}},"line":4}},"branchMap":{},"s":{"0":0,"1":0},"f":{"0":0},"b":{}}
,"C:\\Users\\Josue\\Downloads\\Datil\\t3-market\\web\\src\\components\\ecommerce\\shop\\components\\account\\CardListForm.jsx": {"path":"C:\\Users\\Josue\\Downloads\\Datil\\t3-market\\web\\src\\components\\ecommerce\\shop\\components\\account\\CardListForm.jsx","statementMap":{"0":{"start":{"line":7,"column":21},"end":{"line":38,"column":1}},"1":{"start":{"line":8,"column":1},"end":{"line":37,"column":3}}},"fnMap":{"0":{"name":"(anonymous_0)","decl":{"start":{"line":7,"column":21},"end":{"line":7,"column":22}},"loc":{"start":{"line":7,"column":27},"end":{"line":38,"column":1}},"line":7}},"branchMap":{},"s":{"0":0,"1":0},"f":{"0":0},"b":{}}
,"C:\\Users\\Josue\\Downloads\\Datil\\t3-market\\web\\src\\components\\ecommerce\\shop\\components\\account\\ChangePasswordForm.jsx": {"path":"C:\\Users\\Josue\\Downloads\\Datil\\t3-market\\web\\src\\components\\ecommerce\\shop\\components\\account\\ChangePasswordForm.jsx","statementMap":{"0":{"start":{"line":9,"column":27},"end":{"line":68,"column":1}},"1":{"start":{"line":10,"column":62},"end":{"line":10,"column":67}},"2":{"start":{"line":11,"column":1},"end":{"line":67,"column":3}}},"fnMap":{"0":{"name":"(anonymous_0)","decl":{"start":{"line":9,"column":27},"end":{"line":9,"column":28}},"loc":{"start":{"line":9,"column":38},"end":{"line":68,"column":1}},"line":9}},"branchMap":{"0":{"loc":{"start":{"line":19,"column":36},"end":{"line":19,"column":71}},"type":"cond-expr","locations":[{"start":{"line":19,"column":51},"end":{"line":19,"column":66}},{"start":{"line":19,"column":69},"end":{"line":19,"column":71}}],"line":19}},"s":{"0":0,"1":0,"2":0},"f":{"0":0},"b":{"0":[0,0]}}
,"C:\\Users\\Josue\\Downloads\\Datil\\t3-market\\web\\src\\components\\ecommerce\\shop\\components\\account\\ForgotPasswordForm.jsx": {"path":"C:\\Users\\Josue\\Downloads\\Datil\\t3-market\\web\\src\\components\\ecommerce\\shop\\components\\account\\ForgotPasswordForm.jsx","statementMap":{"0":{"start":{"line":9,"column":27},"end":{"line":41,"column":1}},"1":{"start":{"line":10,"column":62},"end":{"line":10,"column":67}},"2":{"start":{"line":11,"column":1},"end":{"line":40,"column":3}}},"fnMap":{"0":{"name":"(anonymous_0)","decl":{"start":{"line":9,"column":27},"end":{"line":9,"column":28}},"loc":{"start":{"line":9,"column":38},"end":{"line":41,"column":1}},"line":9}},"branchMap":{"0":{"loc":{"start":{"line":14,"column":34},"end":{"line":14,"column":69}},"type":"cond-expr","locations":[{"start":{"line":14,"column":49},"end":{"line":14,"column":64}},{"start":{"line":14,"column":67},"end":{"line":14,"column":69}}],"line":14}},"s":{"0":0,"1":0,"2":0},"f":{"0":0},"b":{"0":[0,0]}}
,"C:\\Users\\Josue\\Downloads\\Datil\\t3-market\\web\\src\\components\\ecommerce\\shop\\components\\account\\ProfileForm.jsx": {"path":"C:\\Users\\Josue\\Downloads\\Datil\\t3-market\\web\\src\\components\\ecommerce\\shop\\components\\account\\ProfileForm.jsx","statementMap":{"0":{"start":{"line":21,"column":20},"end":{"line":121,"column":1}},"1":{"start":{"line":22,"column":91},"end":{"line":22,"column":96}},"2":{"start":{"line":23,"column":1},"end":{"line":120,"column":3}}},"fnMap":{"0":{"name":"(anonymous_0)","decl":{"start":{"line":21,"column":20},"end":{"line":21,"column":21}},"loc":{"start":{"line":21,"column":31},"end":{"line":121,"column":1}},"line":21}},"branchMap":{"0":{"loc":{"start":{"line":26,"column":34},"end":{"line":26,"column":69}},"type":"cond-expr","locations":[{"start":{"line":26,"column":49},"end":{"line":26,"column":64}},{"start":{"line":26,"column":67},"end":{"line":26,"column":69}}],"line":26},"1":{"loc":{"start":{"line":34,"column":10},"end":{"line":34,"column":65}},"type":"cond-expr","locations":[{"start":{"line":34,"column":25},"end":{"line":34,"column":37}},{"start":{"line":34,"column":40},"end":{"line":34,"column":65}}],"line":34}},"s":{"0":0,"1":0,"2":0},"f":{"0":0},"b":{"0":[0,0],"1":[0,0]}}
,"C:\\Users\\Josue\\Downloads\\Datil\\t3-market\\web\\src\\components\\ecommerce\\shop\\components\\account\\SettingForm.jsx": {"path":"C:\\Users\\Josue\\Downloads\\Datil\\t3-market\\web\\src\\components\\ecommerce\\shop\\components\\account\\SettingForm.jsx","statementMap":{"0":{"start":{"line":8,"column":20},"end":{"line":42,"column":1}},"1":{"start":{"line":9,"column":1},"end":{"line":41,"column":3}}},"fnMap":{"0":{"name":"(anonymous_0)","decl":{"start":{"line":8,"column":20},"end":{"line":8,"column":21}},"loc":{"start":{"line":8,"column":26},"end":{"line":42,"column":1}},"line":8}},"branchMap":{},"s":{"0":0,"1":0},"f":{"0":0},"b":{}}
,"C:\\Users\\Josue\\Downloads\\Datil\\t3-market\\web\\src\\components\\ecommerce\\shop\\components\\account\\SignInForm.jsx": {"path":"C:\\Users\\Josue\\Downloads\\Datil\\t3-market\\web\\src\\components\\ecommerce\\shop\\components\\account\\SignInForm.jsx","statementMap":{"0":{"start":{"line":14,"column":19},"end":{"line":93,"column":1}},"1":{"start":{"line":15,"column":67},"end":{"line":15,"column":72}},"2":{"start":{"line":21,"column":5},"end":{"line":21,"column":14}},"3":{"start":{"line":23,"column":1},"end":{"line":92,"column":3}}},"fnMap":{"0":{"name":"(anonymous_0)","decl":{"start":{"line":14,"column":19},"end":{"line":14,"column":20}},"loc":{"start":{"line":14,"column":30},"end":{"line":93,"column":1}},"line":14}},"branchMap":{"0":{"loc":{"start":{"line":26,"column":34},"end":{"line":26,"column":69}},"type":"cond-expr","locations":[{"start":{"line":26,"column":49},"end":{"line":26,"column":64}},{"start":{"line":26,"column":67},"end":{"line":26,"column":69}}],"line":26}},"s":{"0":0,"1":0,"2":0,"3":0},"f":{"0":0},"b":{"0":[0,0]}}
,"C:\\Users\\Josue\\Downloads\\Datil\\t3-market\\web\\src\\components\\ecommerce\\shop\\components\\account\\SignUpForm.jsx": {"path":"C:\\Users\\Josue\\Downloads\\Datil\\t3-market\\web\\src\\components\\ecommerce\\shop\\components\\account\\SignUpForm.jsx","statementMap":{"0":{"start":{"line":21,"column":19},"end":{"line":108,"column":1}},"1":{"start":{"line":22,"column":62},"end":{"line":22,"column":67}},"2":{"start":{"line":24,"column":1},"end":{"line":107,"column":3}}},"fnMap":{"0":{"name":"(anonymous_0)","decl":{"start":{"line":21,"column":19},"end":{"line":21,"column":20}},"loc":{"start":{"line":21,"column":30},"end":{"line":108,"column":1}},"line":21}},"branchMap":{"0":{"loc":{"start":{"line":27,"column":34},"end":{"line":27,"column":69}},"type":"cond-expr","locations":[{"start":{"line":27,"column":49},"end":{"line":27,"column":64}},{"start":{"line":27,"column":67},"end":{"line":27,"column":69}}],"line":27}},"s":{"0":0,"1":0,"2":0},"f":{"0":0},"b":{"0":[0,0]}}
,"C:\\Users\\Josue\\Downloads\\Datil\\t3-market\\web\\src\\components\\ecommerce\\shop\\components\\blog\\About.jsx": {"path":"C:\\Users\\Josue\\Downloads\\Datil\\t3-market\\web\\src\\components\\ecommerce\\shop\\components\\blog\\About.jsx","statementMap":{"0":{"start":{"line":2,"column":13},"end":{"line":2,"column":49}},"1":{"start":{"line":2,"column":24},"end":{"line":2,"column":48}},"2":{"start":{"line":4,"column":14},"end":{"line":16,"column":1}},"3":{"start":{"line":5,"column":1},"end":{"line":15,"column":3}}},"fnMap":{"0":{"name":"(anonymous_0)","decl":{"start":{"line":2,"column":18},"end":{"line":2,"column":19}},"loc":{"start":{"line":2,"column":24},"end":{"line":2,"column":48}},"line":2},"1":{"name":"(anonymous_1)","decl":{"start":{"line":4,"column":14},"end":{"line":4,"column":15}},"loc":{"start":{"line":4,"column":25},"end":{"line":16,"column":1}},"line":4}},"branchMap":{"0":{"loc":{"start":{"line":6,"column":47},"end":{"line":6,"column":85}},"type":"cond-expr","locations":[{"start":{"line":6,"column":65},"end":{"line":6,"column":80}},{"start":{"line":6,"column":83},"end":{"line":6,"column":85}}],"line":6}},"s":{"0":0,"1":0,"2":0,"3":0},"f":{"0":0,"1":0},"b":{"0":[0,0]}}
[...]
,"C:\\Users\\Josue\\Downloads\\Datil\\t3-market\\web\\src\\redux\\ducks\\authDucks.js": {"path":"C:\\Users\\Josue\\Downloads\\Datil\\t3-market\\web\\src\\redux\\ducks\\authDucks.js","statementMap":{"0":{"start":{"line":5,"column":13},"end":{"line":9,"column":1}},"1":{"start":{"line":11,"column":26},"end":{"line":11,"column":45}},"2":{"start":{"line":14,"column":1},"end":{"line":35,"column":2}},"3":{"start":{"line":16,"column":19},"end":{"line":20,"column":4}},"4":{"start":{"line":21,"column":3},"end":{"line":26,"column":4}},"5":{"start":{"line":22,"column":4},"end":{"line":22,"column":33}},"6":{"start":{"line":23,"column":4},"end":{"line":23,"column":43}},"7":{"start":{"line":25,"column":4},"end":{"line":25,"column":45}},"8":{"start":{"line":27,"column":3},"end":{"line":32,"column":5}},"9":{"start":{"line":34,"column":3},"end":{"line":34,"column":16}},"10":{"start":{"line":38,"column":37},"end":{"line":71,"column":1}},"11":{"start":{"line":38,"column":53},"end":{"line":71,"column":1}},"12":{"start":{"line":39,"column":19},"end":{"line":42,"column":2}},"13":{"start":{"line":45,"column":1},"end":{"line":70,"column":46}},"14":{"start":{"line":54,"column":3},"end":{"line":54,"column":21}},"15":{"start":{"line":57,"column":3},"end":{"line":60,"column":6}},"16":{"start":{"line":70,"column":18},"end":{"line":70,"column":44}}},"fnMap":{"0":{"name":"authReducer","decl":{"start":{"line":13,"column":24},"end":{"line":13,"column":35}},"loc":{"start":{"line":13,"column":58},"end":{"line":36,"column":1}},"line":13},"1":{"name":"(anonymous_1)","decl":{"start":{"line":38,"column":37},"end":{"line":38,"column":38}},"loc":{"start":{"line":38,"column":53},"end":{"line":71,"column":1}},"line":38},"2":{"name":"(anonymous_2)","decl":{"start":{"line":38,"column":53},"end":{"line":38,"column":54}},"loc":{"start":{"line":38,"column":73},"end":{"line":71,"column":1}},"line":38},"3":{"name":"(anonymous_3)","decl":{"start":{"line":53,"column":8},"end":{"line":53,"column":9}},"loc":{"start":{"line":53,"column":17},"end":{"line":55,"column":3}},"line":53},"4":{"name":"(anonymous_4)","decl":{"start":{"line":56,"column":8},"end":{"line":56,"column":9}},"loc":{"start":{"line":56,"column":17},"end":{"line":69,"column":3}},"line":56},"5":{"name":"(anonymous_5)","decl":{"start":{"line":70,"column":9},"end":{"line":70,"column":10}},"loc":{"start":{"line":70,"column":18},"end":{"line":70,"column":44}},"line":70}},"branchMap":{"0":{"loc":{"start":{"line":13,"column":36},"end":{"line":13,"column":48}},"type":"default-arg","locations":[{"start":{"line":13,"column":44},"end":{"line":13,"column":48}}],"line":13},"1":{"loc":{"start":{"line":14,"column":1},"end":{"line":35,"column":2}},"type":"switch","locations":[{"start":{"line":15,"column":2},"end":{"line":32,"column":5}},{"start":{"line":33,"column":2},"end":{"line":34,"column":16}}],"line":14},"2":{"loc":{"start":{"line":21,"column":3},"end":{"line":26,"column":4}},"type":"if","locations":[{"start":{"line":21,"column":3},"end":{"line":26,"column":4}},{"start":{"line":21,"column":3},"end":{"line":26,"column":4}}],"line":21}},"s":{"0":5,"1":5,"2":15,"3":0,"4":0,"5":0,"6":0,"7":0,"8":0,"9":15,"10":5,"11":0,"12":0,"13":0,"14":0,"15":0,"16":0},"f":{"0":15,"1":0,"2":0,"3":0,"4":0,"5":0},"b":{"0":[15],"1":[0,15],"2":[0,0]},"_coverageSchema":"1a1c01bbd47fc00a2c39e90264f33305004495a9","hash":"e04ef323b825e4f633ee88e823d91e06c8013d15"}
,"C:\\Users\\Josue\\Downloads\\Datil\\t3-market\\web\\src\\redux\\ducks\\cartDuck.js": {"path":"C:\\Users\\Josue\\Downloads\\Datil\\t3-market\\web\\src\\redux\\ducks\\cartDuck.js","statementMap":{"0":{"start":{"line":6,"column":13},"end":{"line":8,"column":1}},"1":{"start":{"line":10,"column":26},"end":{"line":10,"column":45}},"2":{"start":{"line":11,"column":28},"end":{"line":11,"column":49}},"3":{"start":{"line":12,"column":29},"end":{"line":12,"column":51}},"4":{"start":{"line":13,"column":33},"end":{"line":13,"column":59}},"5":{"start":{"line":16,"column":1},"end":{"line":28,"column":2}},"6":{"start":{"line":18,"column":3},"end":{"line":18,"column":46}},"7":{"start":{"line":20,"column":3},"end":{"line":20,"column":46}},"8":{"start":{"line":22,"column":3},"end":{"line":22,"column":28}},"9":{"start":{"line":23,"column":3},"end":{"line":23,"column":16}},"10":{"start":{"line":25,"column":3},"end":{"line":25,"column":46}},"11":{"start":{"line":27,"column":3},"end":{"line":27,"column":16}},"12":{"start":{"line":32,"column":37},"end":{"line":45,"column":1}},"13":{"start":{"line":32,"column":43},"end":{"line":45,"column":1}},"14":{"start":{"line":33,"column":1},"end":{"line":44,"column":2}},"15":{"start":{"line":34,"column":22},"end":{"line":34,"column":23}},"16":{"start":{"line":35,"column":19},"end":{"line":35,"column":49}},"17":{"start":{"line":36,"column":2},"end":{"line":36,"column":73}},"18":{"start":{"line":37,"column":22},"end":{"line":37,"column":91}},"19":{"start":{"line":38,"column":2},"end":{"line":41,"column":5}},"20":{"start":{"line":43,"column":2},"end":{"line":43,"column":21}},"21":{"start":{"line":47,"column":35},"end":{"line":64,"column":1}},"22":{"start":{"line":47,"column":59},"end":{"line":64,"column":1}},"23":{"start":{"line":48,"column":1},"end":{"line":63,"column":2}},"24":{"start":{"line":49,"column":15},"end":{"line":52,"column":3}},"25":{"start":{"line":53,"column":2},"end":{"line":53,"column":55}},"26":{"start":{"line":54,"column":22},"end":{"line":54,"column":23}},"27":{"start":{"line":55,"column":19},"end":{"line":55,"column":49}},"28":{"start":{"line":56,"column":14},"end":{"line":56,"column":83}},"29":{"start":{"line":57,"column":2},"end":{"line":60,"column":5}},"30":{"start":{"line":62,"column":2},"end":{"line":62,"column":21}},"31":{"start":{"line":66,"column":40},"end":{"line":79,"column":1}},"32":{"start":{"line":66,"column":52},"end":{"line":79,"column":1}},"33":{"start":{"line":67,"column":1},"end":{"line":78,"column":2}},"34":{"start":{"line":68,"column":2},"end":{"line":68,"column":50}},"35":{"start":{"line":69,"column":22},"end":{"line":69,"column":23}},"36":{"start":{"line":70,"column":19},"end":{"line":70,"column":49}},"37":{"start":{"line":71,"column":14},"end":{"line":71,"column":83}},"38":{"start":{"line":72,"column":2},"end":{"line":75,"column":5}},"39":{"start":{"line":77,"column":2},"end":{"line":77,"column":21}},"40":{"start":{"line":81,"column":40},"end":{"line":91,"column":1}},"41":{"start":{"line":81,"column":62},"end":{"line":91,"column":1}},"42":{"start":{"line":82,"column":1},"end":{"line":90,"column":2}},"43":{"start":{"line":83,"column":15},"end":{"line":83,"column":27}},"44":{"start":{"line":84,"column":2},"end":{"line":84,"column":61}},"45":{"start":{"line":85,"column":2},"end":{"line":87,"column":5}},"46":{"start":{"line":89,"column":2},"end":{"line":89,"column":21}}},"fnMap":{"0":{"name":"cartReducer","decl":{"start":{"line":15,"column":24},"end":{"line":15,"column":35}},"loc":{"start":{"line":15,"column":58},"end":{"line":29,"column":1}},"line":15},"1":{"name":"(anonymous_1)","decl":{"start":{"line":32,"column":37},"end":{"line":32,"column":38}},"loc":{"start":{"line":32,"column":43},"end":{"line":45,"column":1}},"line":32},"2":{"name":"(anonymous_2)","decl":{"start":{"line":32,"column":43},"end":{"line":32,"column":44}},"loc":{"start":{"line":32,"column":63},"end":{"line":45,"column":1}},"line":32},"3":{"name":"(anonymous_3)","decl":{"start":{"line":47,"column":35},"end":{"line":47,"column":36}},"loc":{"start":{"line":47,"column":59},"end":{"line":64,"column":1}},"line":47},"4":{"name":"(anonymous_4)","decl":{"start":{"line":47,"column":59},"end":{"line":47,"column":60}},"loc":{"start":{"line":47,"column":79},"end":{"line":64,"column":1}},"line":47},"5":{"name":"(anonymous_5)","decl":{"start":{"line":66,"column":40},"end":{"line":66,"column":41}},"loc":{"start":{"line":66,"column":52},"end":{"line":79,"column":1}},"line":66},"6":{"name":"(anonymous_6)","decl":{"start":{"line":66,"column":52},"end":{"line":66,"column":53}},"loc":{"start":{"line":66,"column":72},"end":{"line":79,"column":1}},"line":66},"7":{"name":"(anonymous_7)","decl":{"start":{"line":81,"column":40},"end":{"line":81,"column":41}},"loc":{"start":{"line":81,"column":62},"end":{"line":91,"column":1}},"line":81},"8":{"name":"(anonymous_8)","decl":{"start":{"line":81,"column":62},"end":{"line":81,"column":63}},"loc":{"start":{"line":81,"column":82},"end":{"line":91,"column":1}},"line":81}},"branchMap":{"0":{"loc":{"start":{"line":15,"column":36},"end":{"line":15,"column":48}},"type":"default-arg","locations":[{"start":{"line":15,"column":44},"end":{"line":15,"column":48}}],"line":15},"1":{"loc":{"start":{"line":16,"column":1},"end":{"line":28,"column":2}},"type":"switch","locations":[{"start":{"line":17,"column":2},"end":{"line":18,"column":46}},{"start":{"line":19,"column":2},"end":{"line":20,"column":46}},{"start":{"line":21,"column":2},"end":{"line":23,"column":16}},{"start":{"line":24,"column":2},"end":{"line":25,"column":46}},{"start":{"line":26,"column":2},"end":{"line":27,"column":16}}],"line":16}},"s":{"0":6,"1":6,"2":6,"3":6,"4":6,"5":17,"6":0,"7":1,"8":0,"9":0,"10":0,"11":16,"12":6,"13":1,"14":1,"15":1,"16":1,"17":1,"18":0,"19":0,"20":0,"21":6,"22":0,"23":0,"24":0,"25":0,"26":0,"27":0,"28":0,"29":0,"30":0,"31":6,"32":0,"33":0,"34":0,"35":0,"36":0,"37":0,"38":0,"39":0,"40":6,"41":0,"42":0,"43":0,"44":0,"45":0,"46":0},"f":{"0":17,"1":1,"2":1,"3":0,"4":0,"5":0,"6":0,"7":0,"8":0},"b":{"0":[15],"1":[0,1,0,0,16]},"_coverageSchema":"1a1c01bbd47fc00a2c39e90264f33305004495a9","hash":"d36c4452c705055f611b7611897a364dcfbac125"}
,"C:\\Users\\Josue\\Downloads\\Datil\\t3-market\\web\\src\\redux\\ducks\\categoryDucks.js": {"path":"C:\\Users\\Josue\\Downloads\\Datil\\t3-market\\web\\src\\redux\\ducks\\categoryDucks.js","statementMap":{"0":{"start":{"line":5,"column":13},"end":{"line":7,"column":1}},"1":{"start":{"line":9,"column":23},"end":{"line":9,"column":39}},"2":{"start":{"line":10,"column":22},"end":{"line":10,"column":37}},"3":{"start":{"line":11,"column":24},"end":{"line":11,"column":41}},"4":{"start":{"line":12,"column":24},"end":{"line":12,"column":41}},"5":{"start":{"line":16,"column":1},"end":{"line":28,"column":2}},"6":{"start":{"line":18,"column":3},"end":{"line":18,"column":46}},"7":{"start":{"line":20,"column":3},"end":{"line":20,"column":16}},"8":{"start":{"line":22,"column":3},"end":{"line":22,"column":16}},"9":{"start":{"line":24,"column":3},"end":{"line":24,"column":28}},"10":{"start":{"line":25,"column":3},"end":{"line":25,"column":16}},"11":{"start":{"line":27,"column":3},"end":{"line":27,"column":16}},"12":{"start":{"line":32,"column":33},"end":{"line":42,"column":1}},"13":{"start":{"line":32,"column":39},"end":{"line":42,"column":1}},"14":{"start":{"line":33,"column":1},"end":{"line":41,"column":2}},"15":{"start":{"line":34,"column":14},"end":{"line":34,"column":48}},"16":{"start":{"line":35,"column":2},"end":{"line":38,"column":5}},"17":{"start":{"line":40,"column":2},"end":{"line":40,"column":21}},"18":{"start":{"line":44,"column":34},"end":{"line":53,"column":1}},"19":{"start":{"line":44,"column":48},"end":{"line":53,"column":1}},"20":{"start":{"line":45,"column":1},"end":{"line":52,"column":2}},"21":{"start":{"line":46,"column":14},"end":{"line":46,"column":59}},"22":{"start":{"line":47,"column":2},"end":{"line":49,"column":5}},"23":{"start":{"line":51,"column":2},"end":{"line":51,"column":21}},"24":{"start":{"line":55,"column":36},"end":{"line":64,"column":1}},"25":{"start":{"line":55,"column":52},"end":{"line":64,"column":1}},"26":{"start":{"line":56,"column":1},"end":{"line":63,"column":2}},"27":{"start":{"line":57,"column":14},"end":{"line":57,"column":64}},"28":{"start":{"line":58,"column":2},"end":{"line":60,"column":5}},"29":{"start":{"line":62,"column":2},"end":{"line":62,"column":21}}},"fnMap":{"0":{"name":"categoryReducer","decl":{"start":{"line":15,"column":24},"end":{"line":15,"column":39}},"loc":{"start":{"line":15,"column":62},"end":{"line":29,"column":1}},"line":15},"1":{"name":"(anonymous_1)","decl":{"start":{"line":32,"column":33},"end":{"line":32,"column":34}},"loc":{"start":{"line":32,"column":39},"end":{"line":42,"column":1}},"line":32},"2":{"name":"(anonymous_2)","decl":{"start":{"line":32,"column":39},"end":{"line":32,"column":40}},"loc":{"start":{"line":32,"column":59},"end":{"line":42,"column":1}},"line":32},"3":{"name":"(anonymous_3)","decl":{"start":{"line":44,"column":34},"end":{"line":44,"column":35}},"loc":{"start":{"line":44,"column":48},"end":{"line":53,"column":1}},"line":44},"4":{"name":"(anonymous_4)","decl":{"start":{"line":44,"column":48},"end":{"line":44,"column":49}},"loc":{"start":{"line":44,"column":68},"end":{"line":53,"column":1}},"line":44},"5":{"name":"(anonymous_5)","decl":{"start":{"line":55,"column":36},"end":{"line":55,"column":37}},"loc":{"start":{"line":55,"column":52},"end":{"line":64,"column":1}},"line":55},"6":{"name":"(anonymous_6)","decl":{"start":{"line":55,"column":52},"end":{"line":55,"column":53}},"loc":{"start":{"line":55,"column":72},"end":{"line":64,"column":1}},"line":55}},"branchMap":{"0":{"loc":{"start":{"line":15,"column":40},"end":{"line":15,"column":52}},"type":"default-arg","locations":[{"start":{"line":15,"column":48},"end":{"line":15,"column":52}}],"line":15},"1":{"loc":{"start":{"line":16,"column":1},"end":{"line":28,"column":2}},"type":"switch","locations":[{"start":{"line":17,"column":2},"end":{"line":18,"column":46}},{"start":{"line":19,"column":2},"end":{"line":20,"column":16}},{"start":{"line":21,"column":2},"end":{"line":22,"column":16}},{"start":{"line":23,"column":2},"end":{"line":25,"column":16}},{"start":{"line":26,"column":2},"end":{"line":27,"column":16}}],"line":16}},"s":{"0":6,"1":6,"2":6,"3":6,"4":6,"5":15,"6":0,"7":0,"8":0,"9":0,"10":0,"11":15,"12":6,"13":0,"14":0,"15":0,"16":0,"17":0,"18":6,"19":0,"20":0,"21":0,"22":0,"23":0,"24":6,"25":0,"26":0,"27":0,"28":0,"29":0},"f":{"0":15,"1":0,"2":0,"3":0,"4":0,"5":0,"6":0},"b":{"0":[15],"1":[0,0,0,0,15]},"_coverageSchema":"1a1c01bbd47fc00a2c39e90264f33305004495a9","hash":"b65e38b35242d3701299d20becfc3ee1464d1034"}
,"C:\\Users\\Josue\\Downloads\\Datil\\t3-market\\web\\src\\redux\\ducks\\productDucks.js": {"path":"C:\\Users\\Josue\\Downloads\\Datil\\t3-market\\web\\src\\redux\\ducks\\productDucks.js","statementMap":{"0":{"start":{"line":6,"column":13},"end":{"line":8,"column":1}},"1":{"start":{"line":9,"column":21},"end":{"line":9,"column":35}},"2":{"start":{"line":10,"column":22},"end":{"line":10,"column":37}},"3":{"start":{"line":11,"column":24},"end":{"line":11,"column":41}},"4":{"start":{"line":12,"column":24},"end":{"line":12,"column":41}},"5":{"start":{"line":16,"column":1},"end":{"line":28,"column":2}},"6":{"start":{"line":18,"column":3},"end":{"line":18,"column":46}},"7":{"start":{"line":20,"column":3},"end":{"line":20,"column":16}},"8":{"start":{"line":22,"column":3},"end":{"line":22,"column":16}},"9":{"start":{"line":24,"column":3},"end":{"line":24,"column":28}},"10":{"start":{"line":25,"column":3},"end":{"line":25,"column":16}},"11":{"start":{"line":27,"column":3},"end":{"line":27,"column":16}},"12":{"start":{"line":32,"column":33},"end":{"line":45,"column":1}},"13":{"start":{"line":32,"column":39},"end":{"line":45,"column":1}},"14":{"start":{"line":33,"column":1},"end":{"line":44,"column":2}},"15":{"start":{"line":34,"column":17},"end":{"line":34,"column":49}},"16":{"start":{"line":35,"column":14},"end":{"line":35,"column":62}},"17":{"start":{"line":38,"column":2},"end":{"line":41,"column":5}},"18":{"start":{"line":43,"column":2},"end":{"line":43,"column":21}},"19":{"start":{"line":47,"column":34},"end":{"line":56,"column":1}},"20":{"start":{"line":47,"column":47},"end":{"line":56,"column":1}},"21":{"start":{"line":48,"column":1},"end":{"line":55,"column":2}},"22":{"start":{"line":49,"column":14},"end":{"line":49,"column":57}},"23":{"start":{"line":50,"column":2},"end":{"line":52,"column":5}},"24":{"start":{"line":54,"column":2},"end":{"line":54,"column":21}},"25":{"start":{"line":58,"column":36},"end":{"line":67,"column":1}},"26":{"start":{"line":58,"column":51},"end":{"line":67,"column":1}},"27":{"start":{"line":59,"column":1},"end":{"line":66,"column":2}},"28":{"start":{"line":60,"column":14},"end":{"line":60,"column":62}},"29":{"start":{"line":61,"column":2},"end":{"line":63,"column":5}},"30":{"start":{"line":65,"column":2},"end":{"line":65,"column":21}}},"fnMap":{"0":{"name":"productReducer","decl":{"start":{"line":15,"column":24},"end":{"line":15,"column":38}},"loc":{"start":{"line":15,"column":61},"end":{"line":29,"column":1}},"line":15},"1":{"name":"(anonymous_1)","decl":{"start":{"line":32,"column":33},"end":{"line":32,"column":34}},"loc":{"start":{"line":32,"column":39},"end":{"line":45,"column":1}},"line":32},"2":{"name":"(anonymous_2)","decl":{"start":{"line":32,"column":39},"end":{"line":32,"column":40}},"loc":{"start":{"line":32,"column":59},"end":{"line":45,"column":1}},"line":32},"3":{"name":"(anonymous_3)","decl":{"start":{"line":47,"column":34},"end":{"line":47,"column":35}},"loc":{"start":{"line":47,"column":47},"end":{"line":56,"column":1}},"line":47},"4":{"name":"(anonymous_4)","decl":{"start":{"line":47,"column":47},"end":{"line":47,"column":48}},"loc":{"start":{"line":47,"column":67},"end":{"line":56,"column":1}},"line":47},"5":{"name":"(anonymous_5)","decl":{"start":{"line":58,"column":36},"end":{"line":58,"column":37}},"loc":{"start":{"line":58,"column":51},"end":{"line":67,"column":1}},"line":58},"6":{"name":"(anonymous_6)","decl":{"start":{"line":58,"column":51},"end":{"line":58,"column":52}},"loc":{"start":{"line":58,"column":71},"end":{"line":67,"column":1}},"line":58}},"branchMap":{"0":{"loc":{"start":{"line":15,"column":39},"end":{"line":15,"column":51}},"type":"default-arg","locations":[{"start":{"line":15,"column":47},"end":{"line":15,"column":51}}],"line":15},"1":{"loc":{"start":{"line":16,"column":1},"end":{"line":28,"column":2}},"type":"switch","locations":[{"start":{"line":17,"column":2},"end":{"line":18,"column":46}},{"start":{"line":19,"column":2},"end":{"line":20,"column":16}},{"start":{"line":21,"column":2},"end":{"line":22,"column":16}},{"start":{"line":23,"column":2},"end":{"line":25,"column":16}},{"start":{"line":26,"column":2},"end":{"line":27,"column":16}}],"line":16}},"s":{"0":6,"1":6,"2":6,"3":6,"4":6,"5":15,"6":0,"7":0,"8":0,"9":0,"10":0,"11":15,"12":6,"13":0,"14":0,"15":0,"16":0,"17":0,"18":0,"19":6,"20":0,"21":0,"22":0,"23":0,"24":0,"25":6,"26":0,"27":0,"28":0,"29":0,"30":0},"f":{"0":15,"1":0,"2":0,"3":0,"4":0,"5":0,"6":0},"b":{"0":[15],"1":[0,0,0,0,15]},"_coverageSchema":"1a1c01bbd47fc00a2c39e90264f33305004495a9","hash":"dc1d12b4b802047eac3a073c52b276ede92433d5"}
}
